#
# A fatal error has been detected by the Java Runtime Environment:
#
#  SIGSEGV (0xb) at pc=0x000000010ffd5431, pid=13996, tid=0x0000000000000307
#
# JRE version: Java(TM) SE Runtime Environment (8.0_271-b09) (build 1.8.0_271-b09)
# Java VM: Java HotSpot(TM) 64-Bit Server VM (25.271-b09 mixed mode bsd-amd64 compressed oops)
# Problematic frame:
# C  [liblwjgl_stb.dylib+0xf431]
[error occurred during error reporting (printing problematic frame), id 0xe0000000]

# Failed to write core dump. Core dumps have been disabled. To enable core dumping, try "ulimit -c unlimited" before starting Java again
#
# If you would like to submit a bug report, please visit:
#   http://bugreport.java.com/bugreport/crash.jsp
# The crash happened outside the Java Virtual Machine in native code.
# See problematic frame for where to report the bug.
#

---------------  T H R E A D  ---------------

Current thread (0x00007f998f809000):  JavaThread "main" [_thread_in_native, id=775, stack(0x00007ffeed54c000,0x00007ffeedd4c000)]

siginfo: si_signo: 11 (SIGSEGV), si_code: 1 (SEGV_MAPERR), si_addr: 0x0000000000000000

Registers:
RAX=0x0000000000000000, RBX=0x00007ffeedd48798, RCX=0x0000000000000001, RDX=0x0000000000000001
RSP=0x00007ffeedd3f450, RBP=0x00007ffeedd3f4a0, RSI=0x0000000000000001, RDI=0x00007f998ecf6800
R8 =0x0000000000004b84, R9 =0x0000000000000000, R10=0x0000000000002798, R11=0x00007f998e800000
R12=0x00007f998ecf6800, R13=0x00007ffeedd48798, R14=0x0000000000000004, R15=0x0000000000000001
RIP=0x000000010ffd5431, EFLAGS=0x0000000000010293, ERR=0x0000000000000004
  TRAPNO=0x000000000000000e

Top of Stack: (sp=0x00007ffeedd3f450)
0x00007ffeedd3f450:   00007ffeedd3f480 00007fff6e857d7a
0x00007ffeedd3f460:   0000000110025530 00007f998cf95860
0x00007ffeedd3f470:   0000000000000004 00007f998ecf6800
0x00007ffeedd3f480:   0000000000000004 00007ffeedd48798
0x00007ffeedd3f490:   0000000000000004 00007ffeedd47f08
0x00007ffeedd3f4a0:   00007ffeedd47ef0 000000010ffca0d3
0x00007ffeedd3f4b0:   000000070ba011f8 000000000b9273b0
0x00007ffeedd3f4c0:   000000070ba2a770 000000000ba517f0
0x00007ffeedd3f4d0:   000000070bea46f8 000000000ba33e70
0x00007ffeedd3f4e0:   00007ffe0ba21800 000000010b98eb78
0x00007ffeedd3f4f0:   000000000b9fefe0 00007f990ba208e0
0x00007ffeedd3f500:   000000000ba27a00 000000010bc2b0a0
0x00007ffeedd3f510:   00007ffe0ba51890 00007fff0b815fd8
0x00007ffeedd3f520:   00007f998cf95870 000000000bb1a958
0x00007ffeedd3f530:   00007f998cf95880 00007ffe0b9811e0
0x00007ffeedd3f540:   000000070b9810e0 000000070ba30150
0x00007ffeedd3f550:   00007ffe0ba714c8 000000010b95dfc0
0x00007ffeedd3f560:   000000000b9fefc0 f69e80000ba279e0
0x00007ffeedd3f570:   000000000bea43b0 000000070ba51870
0x00007ffeedd3f580:   000000010ba03f98 00007f998cf95860
0x00007ffeedd3f590:   00007ffe0b9f2ec8 000000010ba87c00
0x00007ffeedd3f5a0:   00007ffe0b987b88 00007f990ba0c770
0x00007ffeedd3f5b0:   000000070b965e08 00007f990b8c4990
0x00007ffeedd3f5c0:   000000010ba011f8 000000010bbadb70
0x00007ffeedd3f5d0:   00007ffe0bea4390 000000010bea9b38
0x00007ffeedd3f5e0:   000000000b9fefa0 000000010ba300f0
0x00007ffeedd3f5f0:   000000070ba15a90 000000070bde1a30
0x00007ffeedd3f600:   00007f990b9fefe0 00007f990b853f58
0x00007ffeedd3f610:   00007f9900000008 00007ffe0b990498
0x00007ffeedd3f620:   000000010bea6a78 000000000bbae638
0x00007ffeedd3f630:   00007ffe0b9d1b30 00007ffe0bea6ab8
0x00007ffeedd3f640:   00007f990b9ff590 000000000b9fa520 

Instructions: (pc=0x000000010ffd5431)
0x000000010ffd5411:   ff 49 8b 1c 24 48 8b 83 b8 00 00 00 48 3b 83 c0
0x000000010ffd5421:   00 00 00 73 17 48 8d 48 01 48 89 8b b8 00 00 00
0x000000010ffd5431:   8a 00 3c ff 0f 85 cc 05 00 00 eb 63 83 7b 30 00
0x000000010ffd5441:   0f 84 c0 05 00 00 48 8b 7b 28 48 8d 73 38 8b 53 

Register to memory mapping:

RAX=0x0000000000000000 is an unknown value
RBX=0x00007ffeedd48798 is pointing into the stack for thread: 0x00007f998f809000
RCX=0x0000000000000001 is an unknown value
RDX=0x0000000000000001 is an unknown value
RSP=0x00007ffeedd3f450 is pointing into the stack for thread: 0x00007f998f809000
RBP=0x00007ffeedd3f4a0 is pointing into the stack for thread: 0x00007f998f809000
RSI=0x0000000000000001 is an unknown value
RDI=0x00007f998ecf6800 is an unknown value
R8 =0x0000000000004b84 is an unknown value
R9 =0x0000000000000000 is an unknown value
R10=0x0000000000002798 is an unknown value
R11=0x00007f998e800000 is an unknown value
R12=0x00007f998ecf6800 is an unknown value
R13=0x00007ffeedd48798 is pointing into the stack for thread: 0x00007f998f809000
R14=0x0000000000000004 is an unknown value
R15=0x0000000000000001 is an unknown value


Stack: [0x00007ffeed54c000,0x00007ffeedd4c000],  sp=0x00007ffeedd3f450,  free space=8141k
Native frames: (J=compiled Java code, j=interpreted, Vv=VM code, C=native code)
C  [liblwjgl_stb.dylib+0xf431]
[error occurred during error reporting (printing native stack), id 0xe0000000]

Java frames: (J=compiled Java code, j=interpreted, Vv=VM code)
j  org.lwjgl.stb.STBImage.nstbi_load_from_memory(JI[I[I[II)J+0
j  org.lwjgl.stb.STBImage.stbi_load_from_memory(Ljava/nio/ByteBuffer;[I[I[II)Ljava/nio/ByteBuffer;+34
j  Engine.textures.Texture.loadFromFile(LEngine/util/CustomFile;I)LEngine/textures/Texture;+97
j  Engine.Main.main([Ljava/lang/String;)V+298
v  ~StubRoutines::call_stub

---------------  P R O C E S S  ---------------

Java Threads: ( => current thread )
  0x00007f998f809800 JavaThread "Service Thread" daemon [_thread_blocked, id=16131, stack(0x0000700006266000,0x0000700006366000)]
  0x00007f998e849800 JavaThread "C1 CompilerThread3" daemon [_thread_blocked, id=16387, stack(0x0000700006163000,0x0000700006263000)]
  0x00007f998e849000 JavaThread "C2 CompilerThread2" daemon [_thread_blocked, id=16899, stack(0x0000700006060000,0x0000700006160000)]
  0x00007f998e848000 JavaThread "C2 CompilerThread1" daemon [_thread_blocked, id=17155, stack(0x0000700005f5d000,0x000070000605d000)]
  0x00007f998d81b000 JavaThread "C2 CompilerThread0" daemon [_thread_blocked, id=17667, stack(0x0000700005e5a000,0x0000700005f5a000)]
  0x00007f998e846800 JavaThread "Signal Dispatcher" daemon [_thread_blocked, id=14851, stack(0x0000700005d57000,0x0000700005e57000)]
  0x00007f998f81a000 JavaThread "Finalizer" daemon [_thread_blocked, id=12803, stack(0x0000700005b4e000,0x0000700005c4e000)]
  0x00007f998f817000 JavaThread "Reference Handler" daemon [_thread_blocked, id=12547, stack(0x0000700005a4b000,0x0000700005b4b000)]
=>0x00007f998f809000 JavaThread "main" [_thread_in_native, id=775, stack(0x00007ffeed54c000,0x00007ffeedd4c000)]

Other Threads:
  0x00007f999000d800 VMThread [stack: 0x0000700005948000,0x0000700005a48000] [id=19971]
  0x00007f998f80a800 WatcherThread [stack: 0x0000700006369000,0x0000700006469000] [id=21763]

VM state:not at safepoint (normal execution)

VM Mutex/Monitor currently owned by a thread: None

heap address: 0x0000000704800000, size: 3000 MB, Compressed Oops mode: Zero based, Oop shift amount: 3
Narrow klass base: 0x0000000000000000, Narrow klass shift: 3
Compressed class space size: 1073741824 Address: 0x00000007c0000000

Heap:
 PSYoungGen      total 305664K, used 20971K [0x0000000781800000, 0x0000000796d00000, 0x00000007c0000000)
  eden space 262144K, 8% used [0x0000000781800000,0x0000000782c7ae78,0x0000000791800000)
  from space 43520K, 0% used [0x0000000794280000,0x0000000794280000,0x0000000796d00000)
  to   space 43520K, 0% used [0x0000000791800000,0x0000000791800000,0x0000000794280000)
 ParOldGen       total 699392K, used 0K [0x0000000704800000, 0x000000072f300000, 0x0000000781800000)
  object space 699392K, 0% used [0x0000000704800000,0x0000000704800000,0x000000072f300000)
 Metaspace       used 8282K, capacity 8483K, committed 8576K, reserved 1056768K
  class space    used 717K, capacity 818K, committed 896K, reserved 1048576K

Card table byte_map: [0x00000001049ce000,0x0000000104fab000] byte_map_base: 0x00000001011aa000

Marking Bits: (ParMarkBitMap*) 0x0000000103f29768
 Begin Bits: [0x0000000105393000, 0x0000000108273000)
 End Bits:   [0x0000000108273000, 0x000000010b153000)

Polling page: 0x0000000101f2e000

CodeCache: size=245760Kb used=2772Kb max_used=2784Kb free=242987Kb
 bounds [0x00000001102da000, 0x000000011059a000, 0x000000011f2da000]
 total_blobs=1485 nmethods=613 adapters=786
 compilation: enabled

Compilation events (10 events):
Event: 0.566 Thread 0x00007f998e849800 nmethod 608 0x000000011058a310 code [0x000000011058a460, 0x000000011058a570]
Event: 0.566 Thread 0x00007f998e849800  609       1       java.util.jar.JarFile::access$300 (5 bytes)
Event: 0.566 Thread 0x00007f998e849800 nmethod 609 0x000000011058a5d0 code [0x000000011058a720, 0x000000011058a810]
Event: 0.567 Thread 0x00007f998e848000 nmethod 547 0x000000011058ead0 code [0x000000011058ece0, 0x00000001105902c8]
Event: 0.569 Thread 0x00007f998e849800  610       3       java.lang.invoke.MethodType::basicType (8 bytes)
Event: 0.569 Thread 0x00007f998e849800 nmethod 610 0x000000011058e6d0 code [0x000000011058e840, 0x000000011058ea30]
Event: 0.569 Thread 0x00007f998e849800  611       3       java.net.URLStreamHandler::setURL (73 bytes)
Event: 0.569 Thread 0x00007f998e849800 nmethod 611 0x000000011058cf90 code [0x000000011058d1c0, 0x000000011058e038]
Event: 0.570 Thread 0x00007f998e849000  612       4       jdk.internal.org.objectweb.asm.ClassWriter::get (49 bytes)
Event: 0.570 Thread 0x00007f998e849800  613       3       java.lang.ClassLoader::checkPackageAccess (111 bytes)

GC Heap History (0 events):
No events

Deoptimization events (1 events):
Event: 0.164 Thread 0x00007f998f809000 Uncommon trap: reason=unstable_if action=reinterpret pc=0x00000001104657dc method=java.lang.String.replace(CC)Ljava/lang/String; @ 26

Classes redefined (0 events):
No events

Internal exceptions (10 events):
Event: 0.144 Thread 0x00007f998f809000 Exception <a 'java/security/PrivilegedActionException'> (0x0000000781b45650) thrown at [/jenkins/workspace/8-2-build-macosx-x86_64/jdk8u271/605/hotspot/src/share/vm/prims/jvm.cpp, line 1512]
Event: 0.144 Thread 0x00007f998f809000 Exception <a 'java/security/PrivilegedActionException'> (0x0000000781b45860) thrown at [/jenkins/workspace/8-2-build-macosx-x86_64/jdk8u271/605/hotspot/src/share/vm/prims/jvm.cpp, line 1512]
Event: 0.144 Thread 0x00007f998f809000 Exception <a 'java/security/PrivilegedActionException'> (0x0000000781b48b90) thrown at [/jenkins/workspace/8-2-build-macosx-x86_64/jdk8u271/605/hotspot/src/share/vm/prims/jvm.cpp, line 1512]
Event: 0.144 Thread 0x00007f998f809000 Exception <a 'java/security/PrivilegedActionException'> (0x0000000781b48da0) thrown at [/jenkins/workspace/8-2-build-macosx-x86_64/jdk8u271/605/hotspot/src/share/vm/prims/jvm.cpp, line 1512]
Event: 0.158 Thread 0x00007f998f809000 Exception <a 'sun/nio/fs/UnixException'> (0x0000000781bb47a0) thrown at [/jenkins/workspace/8-2-build-macosx-x86_64/jdk8u271/605/hotspot/src/share/vm/prims/jni.cpp, line 710]
Event: 0.168 Thread 0x00007f998f809000 Exception <a 'sun/nio/fs/UnixException'> (0x0000000781bfff70) thrown at [/jenkins/workspace/8-2-build-macosx-x86_64/jdk8u271/605/hotspot/src/share/vm/prims/jni.cpp, line 710]
Event: 0.230 Thread 0x00007f998f809000 Exception <a 'sun/nio/fs/UnixException'> (0x0000000781cf1128) thrown at [/jenkins/workspace/8-2-build-macosx-x86_64/jdk8u271/605/hotspot/src/share/vm/prims/jni.cpp, line 710]
Event: 0.348 Thread 0x00007f998f809000 Exception <a 'sun/nio/fs/UnixException'> (0x0000000782254610) thrown at [/jenkins/workspace/8-2-build-macosx-x86_64/jdk8u271/605/hotspot/src/share/vm/prims/jni.cpp, line 710]
Event: 0.563 Thread 0x00007f998f809000 Exception <a 'sun/nio/fs/UnixException'> (0x000000078298e718) thrown at [/jenkins/workspace/8-2-build-macosx-x86_64/jdk8u271/605/hotspot/src/share/vm/prims/jni.cpp, line 710]
Event: 0.569 Thread 0x00007f998f809000 Exception <a 'java/lang/NoSuchMethodError': java.lang.Object.lambda$static$0(Ljava/lang/Object;)V> (0x0000000782a23f28) thrown at [/jenkins/workspace/8-2-build-macosx-x86_64/jdk8u271/605/hotspot/src/share/vm/interpreter/linkResolver.cpp, line 620]

Events (10 events):
Event: 0.569 loading class org/apache/commons/io/function/IOConsumer
Event: 0.569 loading class org/apache/commons/io/function/IOConsumer done
Event: 0.569 loading class org/apache/commons/io/function/IOConsumer
Event: 0.569 loading class org/apache/commons/io/function/IOConsumer done
Event: 0.569 loading class org/apache/commons/io/output/UnsynchronizedByteArrayOutputStream
Event: 0.569 loading class org/apache/commons/io/output/UnsynchronizedByteArrayOutputStream done
Event: 0.570 loading class org/apache/commons/io/output/ThresholdingOutputStream
Event: 0.570 loading class org/apache/commons/io/output/ThresholdingOutputStream done
Event: 0.570 loading class org/apache/commons/io/output/UnsynchronizedByteArrayOutputStream
Event: 0.570 loading class org/apache/commons/io/output/UnsynchronizedByteArrayOutputStream done


Dynamic libraries:
0x00007fff338a7000 	/System/Library/Frameworks/Cocoa.framework/Versions/A/Cocoa
0x00007fff4109e000 	/System/Library/Frameworks/Security.framework/Versions/A/Security
0x00007fff3280c000 	/System/Library/Frameworks/ApplicationServices.framework/Versions/A/ApplicationServices
0x00007fff6dbc2000 	/usr/lib/libz.1.dylib
0x00007fff6b686000 	/usr/lib/libSystem.B.dylib
0x00007fff34749000 	/System/Library/Frameworks/CoreFoundation.framework/Versions/A/CoreFoundation
0x00007fff36e06000 	/System/Library/Frameworks/Foundation.framework/Versions/C/Foundation
0x00007fff6d4e6000 	/usr/lib/libobjc.A.dylib
0x00007fff319fc000 	/System/Library/Frameworks/AppKit.framework/Versions/C/AppKit
0x00007fff3422b000 	/System/Library/Frameworks/CoreData.framework/Versions/A/CoreData
0x00007fff6569b000 	/System/Library/PrivateFrameworks/UIFoundation.framework/Versions/A/UIFoundation
0x00007fff6072f000 	/System/Library/PrivateFrameworks/RemoteViewServices.framework/Versions/A/RemoteViewServices
0x00007fff681f6000 	/System/Library/PrivateFrameworks/XCTTargetBootstrap.framework/Versions/A/XCTTargetBootstrap
0x00007fff34616000 	/System/Library/Frameworks/CoreDisplay.framework/Versions/A/CoreDisplay
0x00007fff39cc1000 	/System/Library/Frameworks/Metal.framework/Versions/A/Metal
0x00007fff4e732000 	/System/Library/PrivateFrameworks/DesktopServicesPriv.framework/Versions/A/DesktopServicesPriv
0x00007fff6c7c1000 	/usr/lib/liblangid.dylib
0x00007fff4d9c7000 	/System/Library/PrivateFrameworks/CoreSVG.framework/Versions/A/CoreSVG
0x00007fff6388b000 	/System/Library/PrivateFrameworks/SkyLight.framework/Versions/A/SkyLight
0x00007fff34bca000 	/System/Library/Frameworks/CoreGraphics.framework/Versions/A/CoreGraphics
0x00007fff303d0000 	/System/Library/Frameworks/Accelerate.framework/Versions/A/Accelerate
0x00007fff6dab3000 	/usr/lib/libxml2.2.dylib
0x00007fff596ba000 	/System/Library/PrivateFrameworks/IconServices.framework/Versions/A/IconServices
0x00007fff375e5000 	/System/Library/Frameworks/IOSurface.framework/Versions/A/IOSurface
0x00007fff6b1b0000 	/usr/lib/libDiagnosticMessagesClient.dylib
0x00007fff4e58c000 	/System/Library/PrivateFrameworks/DFRFoundation.framework/Versions/A/DFRFoundation
0x00007fff6c550000 	/usr/lib/libicucore.A.dylib
0x00007fff32b3e000 	/System/Library/Frameworks/AudioToolbox.framework/Versions/A/AudioToolbox
0x00007fff32c21000 	/System/Library/Frameworks/AudioUnit.framework/Versions/A/AudioUnit
0x00007fff6b888000 	/usr/lib/libauto.dylib
0x00007fff4e62e000 	/System/Library/PrivateFrameworks/DataDetectorsCore.framework/Versions/A/DataDetectorsCore
0x00007fff333c8000 	/System/Library/Frameworks/Carbon.framework/Versions/A/Frameworks/HIToolbox.framework/Versions/A/HIToolbox
0x00007fff4029a000 	/System/Library/Frameworks/QuartzCore.framework/Versions/A/QuartzCore
0x00007fff33707000 	/System/Library/Frameworks/Carbon.framework/Versions/A/Frameworks/SpeechRecognition.framework/Versions/A/SpeechRecognition
0x00007fff4e0a0000 	/System/Library/PrivateFrameworks/CoreUI.framework/Versions/A/CoreUI
0x00007fff33c96000 	/System/Library/Frameworks/CoreAudio.framework/Versions/A/CoreAudio
0x00007fff36ac5000 	/System/Library/Frameworks/DiskArbitration.framework/Versions/A/DiskArbitration
0x00007fff5b70a000 	/System/Library/PrivateFrameworks/MultitouchSupport.framework/Versions/A/MultitouchSupport
0x00007fff6c417000 	/usr/lib/libenergytrace.dylib
0x00007fff3753f000 	/System/Library/Frameworks/IOKit.framework/Versions/A/IOKit
0x00007fff35b31000 	/System/Library/Frameworks/CoreServices.framework/Versions/A/CoreServices
0x00007fff5d8c2000 	/System/Library/PrivateFrameworks/PerformanceAnalysis.framework/Versions/A/PerformanceAnalysis
0x00007fff3f2cd000 	/System/Library/Frameworks/OpenGL.framework/Versions/A/OpenGL
0x00007fff338b5000 	/System/Library/Frameworks/ColorSync.framework/Versions/A/ColorSync
0x00007fff3524d000 	/System/Library/Frameworks/CoreImage.framework/Versions/A/CoreImage
0x00007fff365a4000 	/System/Library/Frameworks/CoreText.framework/Versions/A/CoreText
0x00007fff37675000 	/System/Library/Frameworks/ImageIO.framework/Versions/A/ImageIO
0x00007fff6b96c000 	/usr/lib/libc++.1.dylib
0x00007fff6b9e8000 	/usr/lib/libcompression.dylib
0x00007fff6b4f4000 	/usr/lib/libMobileGestalt.dylib
0x00007fff65405000 	/System/Library/PrivateFrameworks/TextureIO.framework/Versions/A/TextureIO
0x00007fff6b7eb000 	/usr/lib/libate.dylib
0x00007fff598c3000 	/System/Library/PrivateFrameworks/InternationalSupport.framework/Versions/A/InternationalSupport
0x00007fff6e483000 	/usr/lib/system/libcache.dylib
0x00007fff6e489000 	/usr/lib/system/libcommonCrypto.dylib
0x00007fff6e495000 	/usr/lib/system/libcompiler_rt.dylib
0x00007fff6e49d000 	/usr/lib/system/libcopyfile.dylib
0x00007fff6e4a7000 	/usr/lib/system/libcorecrypto.dylib
0x00007fff6e646000 	/usr/lib/system/libdispatch.dylib
0x00007fff6e687000 	/usr/lib/system/libdyld.dylib
0x00007fff6e6be000 	/usr/lib/system/libkeymgr.dylib
0x00007fff6e6cc000 	/usr/lib/system/liblaunch.dylib
0x00007fff6e6cd000 	/usr/lib/system/libmacho.dylib
0x00007fff6e6d3000 	/usr/lib/system/libquarantine.dylib
0x00007fff6e6d6000 	/usr/lib/system/libremovefile.dylib
0x00007fff6e6d8000 	/usr/lib/system/libsystem_asl.dylib
0x00007fff6e6f0000 	/usr/lib/system/libsystem_blocks.dylib
0x00007fff6e6f1000 	/usr/lib/system/libsystem_c.dylib
0x00007fff6e779000 	/usr/lib/system/libsystem_configuration.dylib
0x00007fff6e77d000 	/usr/lib/system/libsystem_coreservices.dylib
0x00007fff6e781000 	/usr/lib/system/libsystem_darwin.dylib
0x00007fff6e78a000 	/usr/lib/system/libsystem_dnssd.dylib
0x00007fff6e792000 	/usr/lib/system/libsystem_featureflags.dylib
0x00007fff6e794000 	/usr/lib/system/libsystem_info.dylib
0x00007fff6e80f000 	/usr/lib/system/libsystem_m.dylib
0x00007fff6e857000 	/usr/lib/system/libsystem_malloc.dylib
0x00007fff6e87f000 	/usr/lib/system/libsystem_networkextension.dylib
0x00007fff6e88d000 	/usr/lib/system/libsystem_notify.dylib
0x00007fff6e8ab000 	/usr/lib/system/libsystem_sandbox.dylib
0x00007fff6e8b0000 	/usr/lib/system/libsystem_secinit.dylib
0x00007fff6e7e2000 	/usr/lib/system/libsystem_kernel.dylib
0x00007fff6e897000 	/usr/lib/system/libsystem_platform.dylib
0x00007fff6e8a0000 	/usr/lib/system/libsystem_pthread.dylib
0x00007fff6e8b3000 	/usr/lib/system/libsystem_symptoms.dylib
0x00007fff6e8bb000 	/usr/lib/system/libsystem_trace.dylib
0x00007fff6e8d3000 	/usr/lib/system/libunwind.dylib
0x00007fff6e8d9000 	/usr/lib/system/libxpc.dylib
0x00007fff6b9bf000 	/usr/lib/libc++abi.dylib
0x00007fff6c7c3000 	/usr/lib/liblzma.5.dylib
0x00007fff6c43e000 	/usr/lib/libfakelink.dylib
0x00007fff6b778000 	/usr/lib/libarchive.2.dylib
0x00007fff4214f000 	/System/Library/Frameworks/SystemConfiguration.framework/Versions/A/SystemConfiguration
0x00007fff6b0e3000 	/usr/lib/libCRFSuite.dylib
0x00007fff32fb8000 	/System/Library/Frameworks/CFNetwork.framework/Versions/A/CFNetwork
0x00007fff6b94e000 	/usr/lib/libbsm.0.dylib
0x00007fff6e6bf000 	/usr/lib/system/libkxld.dylib
0x00007fff47f09000 	/System/Library/PrivateFrameworks/AppleFSCompression.framework/Versions/A/AppleFSCompression
0x00007fff6bcd9000 	/usr/lib/libcoretls.dylib
0x00007fff6bcf0000 	/usr/lib/libcoretls_cfhelpers.dylib
0x00007fff6d52c000 	/usr/lib/libpam.2.dylib
0x00007fff6d661000 	/usr/lib/libsqlite3.dylib
0x00007fff6daa0000 	/usr/lib/libxar.1.dylib
0x00007fff6b95f000 	/usr/lib/libbz2.1.0.dylib
0x00007fff6c45f000 	/usr/lib/libiconv.2.dylib
0x00007fff6b9d5000 	/usr/lib/libcharset.1.dylib
0x00007fff6cfc9000 	/usr/lib/libnetwork.dylib
0x00007fff6d533000 	/usr/lib/libpcap.A.dylib
0x00007fff6b72d000 	/usr/lib/libapple_nghttp2.dylib
0x00007fff35ee8000 	/System/Library/Frameworks/CoreServices.framework/Versions/A/Frameworks/FSEvents.framework/Versions/A/FSEvents
0x00007fff35bb8000 	/System/Library/Frameworks/CoreServices.framework/Versions/A/Frameworks/CarbonCore.framework/Versions/A/CarbonCore
0x00007fff3612c000 	/System/Library/Frameworks/CoreServices.framework/Versions/A/Frameworks/Metadata.framework/Versions/A/Metadata
0x00007fff361c5000 	/System/Library/Frameworks/CoreServices.framework/Versions/A/Frameworks/OSServices.framework/Versions/A/OSServices
0x00007fff361f3000 	/System/Library/Frameworks/CoreServices.framework/Versions/A/Frameworks/SearchKit.framework/Versions/A/SearchKit
0x00007fff35b32000 	/System/Library/Frameworks/CoreServices.framework/Versions/A/Frameworks/AE.framework/Versions/A/AE
0x00007fff35ef1000 	/System/Library/Frameworks/CoreServices.framework/Versions/A/Frameworks/LaunchServices.framework/Versions/A/LaunchServices
0x00007fff35e9a000 	/System/Library/Frameworks/CoreServices.framework/Versions/A/Frameworks/DictionaryServices.framework/Versions/A/DictionaryServices
0x00007fff3625b000 	/System/Library/Frameworks/CoreServices.framework/Versions/A/Frameworks/SharedFileList.framework/Versions/A/SharedFileList
0x00007fff3b0ec000 	/System/Library/Frameworks/NetFS.framework/Versions/A/NetFS
0x00007fff5bc3a000 	/System/Library/PrivateFrameworks/NetAuth.framework/Versions/A/NetAuth
0x00007fff685c3000 	/System/Library/PrivateFrameworks/login.framework/Versions/A/Frameworks/loginsupport.framework/Versions/A/loginsupport
0x00007fff64ed0000 	/System/Library/PrivateFrameworks/TCC.framework/Versions/A/TCC
0x00007fff4cb3a000 	/System/Library/PrivateFrameworks/CoreNLP.framework/Versions/A/CoreNLP
0x00007fff5b137000 	/System/Library/PrivateFrameworks/MetadataUtilities.framework/Versions/A/MetadataUtilities
0x00007fff6c89b000 	/usr/lib/libmecabra.dylib
0x00007fff6c7f3000 	/usr/lib/libmecab.dylib
0x00007fff6c44f000 	/usr/lib/libgermantok.dylib
0x00007fff6b714000 	/usr/lib/libThaiTokenizer.dylib
0x00007fff6b11a000 	/usr/lib/libChineseTokenizer.dylib
0x00007fff303e8000 	/System/Library/Frameworks/Accelerate.framework/Versions/A/Frameworks/vImage.framework/Versions/A/vImage
0x00007fff31852000 	/System/Library/Frameworks/Accelerate.framework/Versions/A/Frameworks/vecLib.framework/Versions/A/vecLib
0x00007fff3178f000 	/System/Library/Frameworks/Accelerate.framework/Versions/A/Frameworks/vecLib.framework/Versions/A/libvMisc.dylib
0x00007fff315b7000 	/System/Library/Frameworks/Accelerate.framework/Versions/A/Frameworks/vecLib.framework/Versions/A/libvDSP.dylib
0x00007fff30a3f000 	/System/Library/Frameworks/Accelerate.framework/Versions/A/Frameworks/vecLib.framework/Versions/A/libBLAS.dylib
0x00007fff3117b000 	/System/Library/Frameworks/Accelerate.framework/Versions/A/Frameworks/vecLib.framework/Versions/A/libLAPACK.dylib
0x00007fff31517000 	/System/Library/Frameworks/Accelerate.framework/Versions/A/Frameworks/vecLib.framework/Versions/A/libLinearAlgebra.dylib
0x00007fff315a4000 	/System/Library/Frameworks/Accelerate.framework/Versions/A/Frameworks/vecLib.framework/Versions/A/libSparseBLAS.dylib
0x00007fff3152d000 	/System/Library/Frameworks/Accelerate.framework/Versions/A/Frameworks/vecLib.framework/Versions/A/libQuadrature.dylib
0x00007fff30ca7000 	/System/Library/Frameworks/Accelerate.framework/Versions/A/Frameworks/vecLib.framework/Versions/A/libBNNS.dylib
0x00007fff31533000 	/System/Library/Frameworks/Accelerate.framework/Versions/A/Frameworks/vecLib.framework/Versions/A/libSparse.dylib
0x00007fff59cab000 	/System/Library/PrivateFrameworks/LanguageModeling.framework/Versions/A/LanguageModeling
0x00007fff4c4ea000 	/System/Library/PrivateFrameworks/CoreEmoji.framework/Versions/A/CoreEmoji
0x00007fff59dc9000 	/System/Library/PrivateFrameworks/LinguisticData.framework/Versions/A/LinguisticData
0x00007fff59d7a000 	/System/Library/PrivateFrameworks/Lexicon.framework/Versions/A/Lexicon
0x00007fff6b9d6000 	/usr/lib/libcmph.dylib
0x00007fff3dcdb000 	/System/Library/Frameworks/OpenDirectory.framework/Versions/A/Frameworks/CFOpenDirectory.framework/Versions/A/CFOpenDirectory
0x00007fff3dcf8000 	/System/Library/Frameworks/OpenDirectory.framework/Versions/A/OpenDirectory
0x00007fff46139000 	/System/Library/PrivateFrameworks/APFS.framework/Versions/A/APFS
0x00007fff413e8000 	/System/Library/Frameworks/SecurityFoundation.framework/Versions/A/SecurityFoundation
0x00007fff6da9c000 	/usr/lib/libutil.dylib
0x00007fff4da1f000 	/System/Library/PrivateFrameworks/CoreServicesStore.framework/Versions/A/CoreServicesStore
0x00007fff4149f000 	/System/Library/Frameworks/ServiceManagement.framework/Versions/A/ServiceManagement
0x00007fff496d9000 	/System/Library/PrivateFrameworks/BackgroundTaskManagement.framework/Versions/A/BackgroundTaskManagement
0x00007fff6db99000 	/usr/lib/libxslt.1.dylib
0x00007fff4857c000 	/System/Library/PrivateFrameworks/AppleSystemInfo.framework/Versions/A/AppleSystemInfo
0x00007fff37890000 	/System/Library/Frameworks/ImageIO.framework/Versions/A/Resources/libJPEG.dylib
0x00007fff37b4f000 	/System/Library/Frameworks/ImageIO.framework/Versions/A/Resources/libTIFF.dylib
0x00007fff37b32000 	/System/Library/Frameworks/ImageIO.framework/Versions/A/Resources/libPng.dylib
0x00007fff377d2000 	/System/Library/Frameworks/ImageIO.framework/Versions/A/Resources/libGIF.dylib
0x00007fff377d6000 	/System/Library/Frameworks/ImageIO.framework/Versions/A/Resources/libJP2.dylib
0x00007fff37b4d000 	/System/Library/Frameworks/ImageIO.framework/Versions/A/Resources/libRadiance.dylib
0x00007fff6c418000 	/usr/lib/libexpat.1.dylib
0x00007fff48064000 	/System/Library/PrivateFrameworks/AppleJPEG.framework/Versions/A/AppleJPEG
0x00007fff50d1f000 	/System/Library/PrivateFrameworks/FontServices.framework/libFontParser.dylib
0x00007fff675c5000 	/System/Library/PrivateFrameworks/WatchdogClient.framework/Versions/A/WatchdogClient
0x00007fff59306000 	/System/Library/PrivateFrameworks/IOAccelerator.framework/Versions/A/IOAccelerator
0x00007fff3a05c000 	/System/Library/Frameworks/MetalPerformanceShaders.framework/Versions/A/MetalPerformanceShaders
0x00007fff55a9c000 	/System/Library/PrivateFrameworks/GPUWrangler.framework/Versions/A/GPUWrangler
0x00007fff5931b000 	/System/Library/PrivateFrameworks/IOPresentment.framework/Versions/A/IOPresentment
0x00007fff4e59f000 	/System/Library/PrivateFrameworks/DSExternalDisplay.framework/Versions/A/DSExternalDisplay
0x00007fff3e66c000 	/System/Library/Frameworks/OpenGL.framework/Versions/A/Libraries/libCoreFSCache.dylib
0x00007fff39da8000 	/System/Library/Frameworks/MetalPerformanceShaders.framework/Frameworks/MPSCore.framework/Versions/A/MPSCore
0x00007fff39de6000 	/System/Library/Frameworks/MetalPerformanceShaders.framework/Frameworks/MPSImage.framework/Versions/A/MPSImage
0x00007fff39ead000 	/System/Library/Frameworks/MetalPerformanceShaders.framework/Frameworks/MPSNeuralNetwork.framework/Versions/A/MPSNeuralNetwork
0x00007fff39e71000 	/System/Library/Frameworks/MetalPerformanceShaders.framework/Frameworks/MPSMatrix.framework/Versions/A/MPSMatrix
0x00007fff3a00c000 	/System/Library/Frameworks/MetalPerformanceShaders.framework/Frameworks/MPSRayIntersector.framework/Versions/A/MPSRayIntersector
0x00007fff39e97000 	/System/Library/Frameworks/MetalPerformanceShaders.framework/Frameworks/MPSNDArray.framework/Versions/A/MPSNDArray
0x00007fff5b184000 	/System/Library/PrivateFrameworks/MetalTools.framework/Versions/A/MetalTools
0x00007fff47313000 	/System/Library/PrivateFrameworks/AggregateDictionary.framework/Versions/A/AggregateDictionary
0x00007fff4bf32000 	/System/Library/PrivateFrameworks/CoreAnalytics.framework/Versions/A/CoreAnalytics
0x00007fff4849b000 	/System/Library/PrivateFrameworks/AppleSauce.framework/Versions/A/AppleSauce
0x00007fff6b3d6000 	/usr/lib/libIOReport.dylib
0x00007fff3675c000 	/System/Library/Frameworks/CoreVideo.framework/Versions/A/CoreVideo
0x00007fff56f15000 	/System/Library/PrivateFrameworks/GraphVisualizer.framework/Versions/A/GraphVisualizer
0x00007fff50265000 	/System/Library/PrivateFrameworks/FaceCore.framework/Versions/A/FaceCore
0x00007fff3dc82000 	/System/Library/Frameworks/OpenCL.framework/Versions/A/OpenCL
0x00007fff6b1f8000 	/usr/lib/libFosl_dynamic.dylib
0x00007fff5c65a000 	/System/Library/PrivateFrameworks/OTSVG.framework/Versions/A/OTSVG
0x00007fff32911000 	/System/Library/Frameworks/ApplicationServices.framework/Versions/A/Frameworks/ATS.framework/Versions/A/Resources/libFontRegistry.dylib
0x00007fff50ef0000 	/System/Library/PrivateFrameworks/FontServices.framework/libhvf.dylib
0x00007fff3e677000 	/System/Library/Frameworks/OpenGL.framework/Versions/A/Libraries/libGFXShared.dylib
0x00007fff3e855000 	/System/Library/Frameworks/OpenGL.framework/Versions/A/Libraries/libGLU.dylib
0x00007fff3e680000 	/System/Library/Frameworks/OpenGL.framework/Versions/A/Libraries/libGL.dylib
0x00007fff3e68b000 	/System/Library/Frameworks/OpenGL.framework/Versions/A/Libraries/libGLImage.dylib
0x00007fff3e669000 	/System/Library/Frameworks/OpenGL.framework/Versions/A/Libraries/libCVMSPluginSupport.dylib
0x00007fff3e672000 	/System/Library/Frameworks/OpenGL.framework/Versions/A/Libraries/libCoreVMClient.dylib
0x00007fff6ce6a000 	/usr/lib/libncurses.5.4.dylib
0x00007fff3280d000 	/System/Library/Frameworks/ApplicationServices.framework/Versions/A/Frameworks/ATS.framework/Versions/A/ATS
0x00007fff329da000 	/System/Library/Frameworks/ApplicationServices.framework/Versions/A/Frameworks/ColorSyncLegacy.framework/Versions/A/ColorSyncLegacy
0x00007fff32a78000 	/System/Library/Frameworks/ApplicationServices.framework/Versions/A/Frameworks/HIServices.framework/Versions/A/HIServices
0x00007fff32ad0000 	/System/Library/Frameworks/ApplicationServices.framework/Versions/A/Frameworks/LangAnalysis.framework/Versions/A/LangAnalysis
0x00007fff32adf000 	/System/Library/Frameworks/ApplicationServices.framework/Versions/A/Frameworks/PrintCore.framework/Versions/A/PrintCore
0x00007fff32b25000 	/System/Library/Frameworks/ApplicationServices.framework/Versions/A/Frameworks/QD.framework/Versions/A/QD
0x00007fff32b30000 	/System/Library/Frameworks/ApplicationServices.framework/Versions/A/Frameworks/SpeechSynthesis.framework/Versions/A/SpeechSynthesis
0x00007fff329aa000 	/System/Library/Frameworks/ApplicationServices.framework/Versions/A/Frameworks/ATSUI.framework/Versions/A/ATSUI
0x00007fff6c2ae000 	/usr/lib/libcups.2.dylib
0x00007fff390f7000 	/System/Library/Frameworks/Kerberos.framework/Versions/A/Kerberos
0x00007fff37238000 	/System/Library/Frameworks/GSS.framework/Versions/A/GSS
0x00007fff6d5ed000 	/usr/lib/libresolv.9.dylib
0x00007fff570c2000 	/System/Library/PrivateFrameworks/Heimdal.framework/Versions/A/Heimdal
0x00007fff3910a000 	/System/Library/Frameworks/Kerberos.framework/Versions/A/Libraries/libHeimdalProxy.dylib
0x00007fff6c455000 	/usr/lib/libheimdal-asn1.dylib
0x00007fff4b3ca000 	/System/Library/PrivateFrameworks/CommonAuth.framework/Versions/A/CommonAuth
0x00007fff48619000 	/System/Library/PrivateFrameworks/AssertionServices.framework/Versions/A/AssertionServices
0x00007fff491bc000 	/System/Library/PrivateFrameworks/AudioToolboxCore.framework/Versions/A/AudioToolboxCore
0x00007fff68273000 	/System/Library/PrivateFrameworks/caulk.framework/Versions/A/caulk
0x00007fff49785000 	/System/Library/PrivateFrameworks/BaseBoard.framework/Versions/A/BaseBoard
0x00007fff608bd000 	/System/Library/PrivateFrameworks/RunningBoardServices.framework/Versions/A/RunningBoardServices
0x00007fff5d8ce000 	/System/Library/PrivateFrameworks/PersistentConnection.framework/Versions/A/PersistentConnection
0x00007fff602b6000 	/System/Library/PrivateFrameworks/ProtocolBuffer.framework/Versions/A/ProtocolBuffer
0x00007fff4b3ee000 	/System/Library/PrivateFrameworks/CommonUtilities.framework/Versions/A/CommonUtilities
0x00007fff49913000 	/System/Library/PrivateFrameworks/Bom.framework/Versions/A/Bom
0x00007fff6b0a9000 	/usr/lib/libAudioToolboxUtility.dylib
0x00007fff496e3000 	/System/Library/PrivateFrameworks/Backup.framework/Versions/A/Backup
0x00007fff4e4c0000 	/System/Library/PrivateFrameworks/CrashReporterSupport.framework/Versions/A/CrashReporterSupport
0x00007fff6234f000 	/System/Library/PrivateFrameworks/Sharing.framework/Versions/A/Sharing
0x00007fff47c27000 	/System/Library/PrivateFrameworks/Apple80211.framework/Versions/A/Apple80211
0x00007fff49400000 	/System/Library/PrivateFrameworks/AuthKit.framework/Versions/A/AuthKit
0x00007fff4e1cd000 	/System/Library/PrivateFrameworks/CoreUtils.framework/Versions/A/CoreUtils
0x00007fff367a1000 	/System/Library/Frameworks/CoreWLAN.framework/Versions/A/CoreWLAN
0x00007fff373c5000 	/System/Library/Frameworks/IOBluetooth.framework/Versions/A/IOBluetooth
0x00007fff5b489000 	/System/Library/PrivateFrameworks/MobileKeyBag.framework/Versions/A/MobileKeyBag
0x00007fff4cfd2000 	/System/Library/PrivateFrameworks/CorePhoneNumbers.framework/Versions/A/CorePhoneNumbers
0x00007fff48017000 	/System/Library/PrivateFrameworks/AppleIDAuthSupport.framework/Versions/A/AppleIDAuthSupport
0x00007fff3b0f9000 	/System/Library/Frameworks/Network.framework/Versions/A/Network
0x00007fff59b57000 	/System/Library/PrivateFrameworks/KeychainCircle.framework/Versions/A/KeychainCircle
0x00007fff341f2000 	/System/Library/Frameworks/CoreBluetooth.framework/Versions/A/CoreBluetooth
0x00007fff643ce000 	/System/Library/PrivateFrameworks/SpeechRecognitionCore.framework/Versions/A/SpeechRecognitionCore
0x0000000103800000 	/Library/Java/JavaVirtualMachines/jdk1.8.0_271.jdk/Contents/Home/jre/lib/server/libjvm.dylib
0x0000000101eea000 	/Library/Java/JavaVirtualMachines/jdk1.8.0_271.jdk/Contents/Home/jre/lib/libverify.dylib
0x0000000101efb000 	/Library/Java/JavaVirtualMachines/jdk1.8.0_271.jdk/Contents/Home/jre/lib/libjava.dylib
0x0000000101f78000 	/Library/Java/JavaVirtualMachines/jdk1.8.0_271.jdk/Contents/Home/jre/lib/libzip.dylib
0x000000010dc64000 	/Library/Java/JavaVirtualMachines/jdk1.8.0_271.jdk/Contents/Home/jre/lib/libnio.dylib
0x000000010dc76000 	/Library/Java/JavaVirtualMachines/jdk1.8.0_271.jdk/Contents/Home/jre/lib/libnet.dylib
0x000000010dcb3000 	/private/var/folders/sz/8bwhr0qj1sg228n20r22shqw0000gn/T/lwjglhuangyoulin/3.2.3-build-13/liblwjgl.dylib
0x000000010dce5000 	/private/var/folders/sz/8bwhr0qj1sg228n20r22shqw0000gn/T/lwjglhuangyoulin/3.2.3-build-13/libglfw.dylib
0x00007fff4d9eb000 	/System/Library/PrivateFrameworks/CoreServicesInternal.framework/Versions/A/CoreServicesInternal
0x00007fff36cc0000 	/System/Library/Frameworks/FileProvider.framework/Versions/A/FileProvider
0x00007fff31853000 	/System/Library/Frameworks/Accounts.framework/Versions/A/Accounts
0x00007fff55dc1000 	/System/Library/PrivateFrameworks/GenerationalStorage.framework/Versions/A/GenerationalStorage
0x00007fff4df72000 	/System/Library/PrivateFrameworks/CoreSymbolication.framework/Versions/A/CoreSymbolication
0x00007fff64c10000 	/System/Library/PrivateFrameworks/SymptomDiagnosticReporter.framework/Versions/A/SymptomDiagnosticReporter
0x00007fff4772b000 	/System/Library/PrivateFrameworks/AppContainer.framework/Versions/A/AppContainer
0x00007fff6d607000 	/usr/lib/libsandbox.1.dylib
0x00007fff66569000 	/System/Library/PrivateFrameworks/UserManagement.framework/Versions/A/UserManagement
0x00007fff4a4cf000 	/System/Library/PrivateFrameworks/ChunkingLibrary.framework/Versions/A/ChunkingLibrary
0x00007fff4e6f4000 	/System/Library/PrivateFrameworks/DebugSymbols.framework/Versions/A/DebugSymbols
0x00007fff4779d000 	/System/Library/PrivateFrameworks/AppSandbox.framework/Versions/A/AppSandbox
0x00007fff621d9000 	/System/Library/PrivateFrameworks/SecCodeWrapper.framework/Versions/A/SecCodeWrapper
0x00007fff6b4be000 	/usr/lib/libMatch.1.dylib
0x00007fff303d1000 	/System/Library/Frameworks/Accelerate.framework/Versions/A/Frameworks/vImage.framework/Versions/A/Libraries/libCGInterfaces.dylib
0x00007fff50e57000 	/System/Library/PrivateFrameworks/FontServices.framework/libTrueTypeScaler.dylib
0x00007fff27efc000 	/System/Library/Extensions/AMDRadeonX6000MTLDriver.bundle/Contents/MacOS/AMDRadeonX6000MTLDriver
0x00007fff592fc000 	/System/Library/PrivateFrameworks/IOAccelMemoryInfo.framework/Versions/A/IOAccelMemoryInfo
0x00007fff2d149000 	/System/Library/Extensions/AppleIntelKBLGraphicsMTLDriver.bundle/Contents/MacOS/AppleIntelKBLGraphicsMTLDriver
0x00007fff543e1000 	/System/Library/PrivateFrameworks/GPUCompiler.framework/Versions/3902/Libraries/libmetal_timestamp.dylib
0x00007fff67335000 	/System/Library/PrivateFrameworks/ViewBridge.framework/Versions/A/ViewBridge
0x000000010fb28000 	/usr/lib/libobjc-trampolines.dylib
0x00007fff685c6000 	/System/Library/PrivateFrameworks/login.framework/Versions/A/login
0x00007fff3f2dd000 	/System/Library/Frameworks/OpenGL.framework/Versions/A/Resources/GLEngine.bundle/GLEngine
0x00007fff3e6c0000 	/System/Library/Frameworks/OpenGL.framework/Versions/A/Libraries/libGLProgrammability.dylib
0x00007fff2c141000 	/System/Library/Extensions/AppleIntelKBLGraphicsGLDriver.bundle/Contents/MacOS/AppleIntelKBLGraphicsGLDriver
0x00007fff55a90000 	/System/Library/PrivateFrameworks/GPUSupport.framework/Versions/A/Libraries/libGPUSupportMercury.dylib
0x000000010fb93000 	/System/Library/Extensions/AMDRadeonX6000GLDriver.bundle/Contents/MacOS/AMDRadeonX6000GLDriver
0x00007fff27ec5000 	/System/Library/Extensions/AMDRadeonX6000GLDriver.bundle/Contents/MacOS/ATIRadeonX6000SCLib.dylib
0x00007fff290ca000 	/System/Library/Extensions/AMDShared.bundle/Contents/PlugIns/libSC.dylib
0x00007fff3f457000 	/System/Library/Frameworks/OpenGL.framework/Versions/A/Resources/GLRendererFloat.bundle/GLRendererFloat
0x00007fff3dc79000 	/System/Library/Frameworks/OpenCL.framework/Versions/A/Libraries/libcldcpuengine.dylib
0x000000010ff0c000 	/private/var/folders/sz/8bwhr0qj1sg228n20r22shqw0000gn/T/lwjglhuangyoulin/3.2.3-build-13/liblwjgl_opengl.dylib
0x000000010ffc6000 	/private/var/folders/sz/8bwhr0qj1sg228n20r22shqw0000gn/T/lwjglhuangyoulin/3.2.3-build-13/liblwjgl_stb.dylib

VM Arguments:
jvm_args: -Xms1024m -Xmx3000m -Djava.awt.headless=true -Djava.library.path=/Users/huangyoulin/Documents/GitHub/LMEGE2.0/lib/natives -Dfile.encoding=UTF-8 
java_command: Engine.Main
java_class_path (initial): /Users/huangyoulin/Documents/GitHub/LMEGE2.0/bin:/Users/huangyoulin/Documents/GitHub/LMEGE2.0/lib/jars/joml-1.10.2.jar:/Users/huangyoulin/Documents/GitHub/LMEGE2.0/lib/jars/lwjgl_util.jar:/Users/huangyoulin/Documents/GitHub/LMEGE2.0/lib/jars/lwjgl.jar:/Users/huangyoulin/Documents/GitHub/LMEGE2.0/lib/jars/lwjgl-glfw.jar:/Users/huangyoulin/Documents/GitHub/LMEGE2.0/lib/jars/lwjgl-glfw-javadoc.jar:/Users/huangyoulin/Documents/GitHub/LMEGE2.0/lib/jars/lwjgl-openal.jar:/Users/huangyoulin/Documents/GitHub/LMEGE2.0/lib/jars/lwjgl-openal-javadoc.jar:/Users/huangyoulin/Documents/GitHub/LMEGE2.0/lib/jars/lwjgl-opencl.jar:/Users/huangyoulin/Documents/GitHub/LMEGE2.0/lib/jars/lwjgl-opencl-javadoc.jar:/Users/huangyoulin/Documents/GitHub/LMEGE2.0/lib/jars/lwjgl-opengl.jar:/Users/huangyoulin/Documents/GitHub/LMEGE2.0/lib/jars/lwjgl-opengl-javadoc.jar:/Users/huangyoulin/Documents/GitHub/LMEGE2.0/lib/jars/lwjgl-stb.jar:/Users/huangyoulin/Documents/GitHub/LMEGE2.0/lib/jars/PNGDecoder.jar:/Users/huangyoulin/Documents/GitHub/LMEGE2.0/lib/jars/slick-util.jar:/Users/huangyoulin/Documents/GitHub/LMEGE2.0/lib/natives/lwjgl-glfw-natives-macos.jar:/Users/huangyoulin/Documents/GitHub/LMEGE2.0/lib/natives/lwjgl-natives-macos.jar:/Users/huangyoulin/Documents/GitHub/LMEGE2.0/lib/natives/lwjgl-openal-natives-macos.jar:/Users/huangyoulin/Documents/GitHub/LMEGE2.0/lib/natives/lwjgl-opengl-natives-macos.jar:/Users/huangyoulin/Documents/GitHub/LMEGE2.0/lib/natives/lwjgl-stb-natives-macos.jar:/Users/huangyoulin/Documents/GitHub/commons-io-2.11.0/commons-io-2.11.0.jar
Launcher Type: SUN_STANDARD

Environment Variables:
PATH=/usr/bin:/bin:/usr/sbin:/sbin
SHELL=/bin/zsh
DISPLAY=/private/tmp/com.apple.launchd.t8ArfV4BCd/org.xquartz:0

Signal Handlers:
SIGSEGV: [libjvm.dylib+0x5a0dcb], sa_mask[0]=11111111011111110111111111111111, sa_flags=SA_ONSTACK|SA_RESTART|SA_SIGINFO
SIGBUS: [libjvm.dylib+0x5a0dcb], sa_mask[0]=11111111011111110111111111111111, sa_flags=SA_RESTART|SA_SIGINFO
SIGFPE: [libjvm.dylib+0x491731], sa_mask[0]=11111111011111110111111111111111, sa_flags=SA_RESTART|SA_SIGINFO
SIGPIPE: [libjvm.dylib+0x491731], sa_mask[0]=11111111011111110111111111111111, sa_flags=SA_RESTART|SA_SIGINFO
SIGXFSZ: [libjvm.dylib+0x491731], sa_mask[0]=11111111011111110111111111111111, sa_flags=SA_RESTART|SA_SIGINFO
SIGILL: [libjvm.dylib+0x491731], sa_mask[0]=11111111011111110111111111111111, sa_flags=SA_RESTART|SA_SIGINFO
SIGUSR1: SIG_DFL, sa_mask[0]=00000000000000000000000000000000, sa_flags=none
SIGUSR2: [libjvm.dylib+0x49202a], sa_mask[0]=00100000000000000000000000000000, sa_flags=SA_RESTART|SA_SIGINFO
SIGHUP: [libjvm.dylib+0x490239], sa_mask[0]=11111111011111110111111111111111, sa_flags=SA_RESTART|SA_SIGINFO
SIGINT: [libjvm.dylib+0x490239], sa_mask[0]=11111111011111110111111111111111, sa_flags=SA_RESTART|SA_SIGINFO
SIGTERM: [libjvm.dylib+0x490239], sa_mask[0]=11111111011111110111111111111111, sa_flags=SA_RESTART|SA_SIGINFO
SIGQUIT: [libjvm.dylib+0x490239], sa_mask[0]=11111111011111110111111111111111, sa_flags=SA_RESTART|SA_SIGINFO


---------------  S Y S T E M  ---------------

OS:Bsduname:Darwin 19.6.0 Darwin Kernel Version 19.6.0: Mon Aug 31 22:12:52 PDT 2020; root:xnu-6153.141.2~1/RELEASE_X86_64 x86_64
rlimit: STACK 8192k, CORE 0k, NPROC 2784, NOFILE 10240, AS infinity
load average:1.98 2.34 2.36

CPU:total 12 (initial active 12) (6 cores per cpu, 2 threads per core) family 6 model 158 stepping 10, cmov, cx8, fxsr, mmx, sse, sse2, sse3, ssse3, sse4.1, sse4.2, popcnt, avx, avx2, aes, clmul, erms, 3dnowpref, lzcnt, ht, tsc, tscinvbit, bmi1, bmi2, adx

Memory: 4k page, physical 16777216k(433044k free)

/proc/meminfo:


vm_info: Java HotSpot(TM) 64-Bit Server VM (25.271-b09) for bsd-amd64 JRE (1.8.0_271-b09), built on Sep 16 2020 16:54:38 by "java_re" with gcc 4.2.1 Compatible Apple LLVM 10.0.0 (clang-1000.11.45.5)

time: Fri Apr 22 14:45:56 2022
timezone: EDT
elapsed time: 0.578728 seconds (0d 0h 0m 0s)

