#
# A fatal error has been detected by the Java Runtime Environment:
#
#  SIGSEGV (0xb) at pc=0x00007fff6dd20a0c, pid=92726, tid=0x0000000000000307
#
# JRE version: Java(TM) SE Runtime Environment (8.0_271-b09) (build 1.8.0_271-b09)
# Java VM: Java HotSpot(TM) 64-Bit Server VM (25.271-b09 mixed mode bsd-amd64 compressed oops)
# Problematic frame:
# C  [libsystem_platform.dylib+0xa0c]  _platform_memmove$VARIANT$Haswell+0x10c
#
# Failed to write core dump. Core dumps have been disabled. To enable core dumping, try "ulimit -c unlimited" before starting Java again
#
# If you would like to submit a bug report, please visit:
#   http://bugreport.java.com/bugreport/crash.jsp
# The crash happened outside the Java Virtual Machine in native code.
# See problematic frame for where to report the bug.
#

---------------  T H R E A D  ---------------

Current thread (0x00007ff93c014000):  JavaThread "main" [_thread_in_native, id=775, stack(0x00007ffeeb856000,0x00007ffeec056000)]

siginfo: si_signo: 11 (SIGSEGV), si_code: 1 (SEGV_MAPERR), si_addr: 0x0000000000000000

Registers:
RAX=0x0000000000000000, RBX=0x0000000000000000, RCX=0x0000000000000020, RDX=0x0000000000000530
RSP=0x00007ffeec0523d0, RBP=0x00007ffeec0523d0, RSI=0x00007ff8ba1ba020, RDI=0x0000000000000020
R8 =0x00007fff3db1a7d5, R9 =0x0000000000000b00, R10=0x0000000000004000, R11=0xffff800745e46000
R12=0x00007ff8ba1ba000, R13=0x0000000000000550, R14=0x0000000000000600, R15=0x0000000000000154
RIP=0x00007fff6dd20a0c, EFLAGS=0x0000000000010206, ERR=0x0000000000000006
  TRAPNO=0x000000000000000e

Top of Stack: (sp=0x00007ffeec0523d0)
0x00007ffeec0523d0:   00007ffeec052410 00007fff3db1a83a
0x00007ffeec0523e0:   0000000000000550 00007ffeec052578
0x00007ffeec0523f0:   00007ff94143a6d0 0000000000080000
0x00007ffeec052400:   0000000000000002 0000000000000550
0x00007ffeec052410:   00007ffeec052540 00007fff3db19b49
0x00007ffeec052420:   54f76da3b9480012 00007fff8bc67fc0
0x00007ffeec052430:   0000000000000001 0000000000000000
0x00007ffeec052440:   00007ffeec0524a8 00007ffeec0524b4
0x00007ffeec052450:   00007ffeec0524e0 00007fff369cb5f2
0x00007ffeec052460:   0000000000000000 0000000000000000
0x00007ffeec052470:   0000000000000000 00007ffeec0524b4
0x00007ffeec052480:   0000000000000000 00007fff8bc67fc0
0x00007ffeec052490:   0000000000000000 00007ffeec0524a8
0x00007ffeec0524a0:   0000000000000000 0000000000000000
0x00007ffeec0524b0:   0000000000000000 00007ff93dbe7870
0x00007ffeec0524c0:   0000000000000000 00007ffeec0524c0
0x00007ffeec0524d0:   0000002000000000 00007ff93be594a0
0x00007ffeec0524e0:   102c4b1000000000 00007fff58792889
0x00007ffeec0524f0:   0000000000000000 0000000000000000
0x00007ffeec052500:   0000000000000000 0000000000000000
0x00007ffeec052510:   00007ffeec052578 00007ff94143a6d0
0x00007ffeec052520:   0000000000000001 0000000000000087
0x00007ffeec052530:   00007ff93c987e98 0000000000000001
0x00007ffeec052540:   00007ffeec052660 000000010babe860
0x00007ffeec052550:   00007ff93b020000 00007ffe00000000
0x00007ffeec052560:   0000000000000000 0000000000000000
0x00007ffeec052570:   0000000000000087 00007ff8ba1ba000
0x00007ffeec052580:   0000000000000000 0000000400000600
0x00007ffeec052590:   0000055000000000 0000000000000004
0x00007ffeec0525a0:   0000000000000002 000001547fffefff
0x00007ffeec0525b0:   0000000000000154 0000000000000000
0x00007ffeec0525c0:   0000000000000004 0000000000000000 

Instructions: (pc=0x00007fff6dd20a0c)
0x00007fff6dd209ec:   00 00 00 00 c5 fc 10 06 48 83 c7 20 48 83 e7 e0
0x00007fff6dd209fc:   48 89 f9 48 29 c1 48 01 ce 48 29 ca c5 fc 10 0e
0x00007fff6dd20a0c:   c5 fc 11 00 c5 fc 57 c0 c5 fc 10 56 20 48 83 c6
0x00007fff6dd20a1c:   40 48 81 ea 80 00 00 00 76 5a 48 f7 c6 1f 00 00 

Register to memory mapping:

RAX=0x0000000000000000 is an unknown value
RBX=0x0000000000000000 is an unknown value
RCX=0x0000000000000020 is an unknown value
RDX=0x0000000000000530 is an unknown value
RSP=0x00007ffeec0523d0 is pointing into the stack for thread: 0x00007ff93c014000
RBP=0x00007ffeec0523d0 is pointing into the stack for thread: 0x00007ff93c014000
RSI=0x00007ff8ba1ba020 is an unknown value
RDI=0x0000000000000020 is an unknown value
R8 =0x00007fff3db1a7d5: _ZL22glgCopyRowsWithMemCopyPK15GLGOperationRecmPK15GLDPixelModeRec+0 in /System/Library/Frameworks/OpenGL.framework/Versions/A/Libraries/libGLImage.dylib at 0x00007fff3db14000
R9 =0x0000000000000b00 is an unknown value
R10=0x0000000000004000 is an unknown value
R11=0xffff800745e46000 is an unknown value
R12=0x00007ff8ba1ba000 is an unknown value
R13=0x0000000000000550 is an unknown value
R14=0x0000000000000600 is an unknown value
R15=0x0000000000000154 is an unknown value


Stack: [0x00007ffeeb856000,0x00007ffeec056000],  sp=0x00007ffeec0523d0,  free space=8176k
Native frames: (J=compiled Java code, j=interpreted, Vv=VM code, C=native code)
C  [libsystem_platform.dylib+0xa0c]  _platform_memmove$VARIANT$Haswell+0x10c
C  [libGLImage.dylib+0x683a]  glgCopyRowsWithMemCopy(GLGOperationRec const*, unsigned long, GLDPixelModeRec const*)+0x65
C  [libGLImage.dylib+0x5b49]  glgProcessPixelsWithProcessor+0x8a0
C  [AMDRadeonX6000GLDriver+0x4860]  glrReadFramebufferData+0xd21
C  [GLEngine+0x3d361]  glReadPixels_Exec+0x3fd
C  [libGL.dylib+0x2a01]  glReadPixels+0x2a
C  [liblwjgl_opengl.dylib+0xb125]
[error occurred during error reporting (printing native stack), id 0xe0000000]

Java frames: (J=compiled Java code, j=interpreted, Vv=VM code)
j  org.lwjgl.opengl.GL11C.nglReadPixels(IIIIIIJ)V+0
j  org.lwjgl.opengl.GL11C.glReadPixels(IIIIIIJ)V+10
j  org.lwjgl.opengl.GL11.glReadPixels(IIIIIIJ)V+10
j  mousePicker.MousePicker.getPointedPosition(Lgame/Window;)Lorg/joml/Vector3f;+43
j  game.Main.main([Ljava/lang/String;)V+2453
v  ~StubRoutines::call_stub

---------------  P R O C E S S  ---------------

Java Threads: ( => current thread )
  0x00007ff8c95a2800 JavaThread "Java2D Disposer" daemon [_thread_blocked, id=45319, stack(0x000070000ef42000,0x000070000f042000)]
  0x00007ff942822800 JavaThread "Service Thread" daemon [_thread_blocked, id=15875, stack(0x000070000ed3c000,0x000070000ee3c000)]
  0x00007ff93c822800 JavaThread "C1 CompilerThread3" daemon [_thread_blocked, id=16643, stack(0x000070000ec39000,0x000070000ed39000)]
  0x00007ff93c822000 JavaThread "C2 CompilerThread2" daemon [_thread_blocked, id=15363, stack(0x000070000eb36000,0x000070000ec36000)]
  0x00007ff93c821000 JavaThread "C2 CompilerThread1" daemon [_thread_blocked, id=14851, stack(0x000070000ea33000,0x000070000eb33000)]
  0x00007ff93c81f000 JavaThread "C2 CompilerThread0" daemon [_thread_blocked, id=16899, stack(0x000070000e930000,0x000070000ea30000)]
  0x00007ff93c81e800 JavaThread "Signal Dispatcher" daemon [_thread_blocked, id=17155, stack(0x000070000e82d000,0x000070000e92d000)]
  0x00007ff93c811000 JavaThread "Finalizer" daemon [_thread_blocked, id=13059, stack(0x000070000e624000,0x000070000e724000)]
  0x00007ff93e017800 JavaThread "Reference Handler" daemon [_thread_blocked, id=19971, stack(0x000070000e521000,0x000070000e621000)]
=>0x00007ff93c014000 JavaThread "main" [_thread_in_native, id=775, stack(0x00007ffeeb856000,0x00007ffeec056000)]

Other Threads:
  0x00007ff93c029000 VMThread [stack: 0x000070000e41e000,0x000070000e51e000] [id=20483]
  0x00007ff93e840800 WatcherThread [stack: 0x000070000ee3f000,0x000070000ef3f000] [id=21763]

VM state:not at safepoint (normal execution)

VM Mutex/Monitor currently owned by a thread: None

heap address: 0x0000000704800000, size: 3000 MB, Compressed Oops mode: Zero based, Oop shift amount: 3
Narrow klass base: 0x0000000000000000, Narrow klass shift: 3
Compressed class space size: 1073741824 Address: 0x00000007c0000000

Heap:
 PSYoungGen      total 305664K, used 53819K [0x0000000781800000, 0x0000000796d00000, 0x00000007c0000000)
  eden space 262144K, 20% used [0x0000000781800000,0x0000000784c8ecc0,0x0000000791800000)
  from space 43520K, 0% used [0x0000000794280000,0x0000000794280000,0x0000000796d00000)
  to   space 43520K, 0% used [0x0000000791800000,0x0000000791800000,0x0000000794280000)
 ParOldGen       total 699392K, used 1706K [0x0000000704800000, 0x000000072f300000, 0x0000000781800000)
  object space 699392K, 0% used [0x0000000704800000,0x00000007049aa9b0,0x000000072f300000)
 Metaspace       used 12121K, capacity 12365K, committed 12800K, reserved 1060864K
  class space    used 1036K, capacity 1153K, committed 1280K, reserved 1048576K

Card table byte_map: [0x000000010664e000,0x0000000106c2b000] byte_map_base: 0x0000000102e2a000

Marking Bits: (ParMarkBitMap*) 0x0000000105b29768
 Begin Bits: [0x000000011b3ff000, 0x000000011e2df000)
 End Bits:   [0x000000011e2df000, 0x00000001211bf000)

Polling page: 0x0000000103bf1000

CodeCache: size=245760Kb used=3879Kb max_used=3894Kb free=241880Kb
 bounds [0x000000010c3ff000, 0x000000010c7cf000, 0x000000011b3ff000]
 total_blobs=1953 nmethods=968 adapters=899
 compilation: enabled

Compilation events (10 events):
Event: 11.818 Thread 0x00007ff93c822800 nmethod 964 0x000000010c7c1b90 code [0x000000010c7c1d00, 0x000000010c7c1f28]
Event: 11.819 Thread 0x00007ff93c822800  965   !   3       java.net.URLClassLoader::definePackageInternal (81 bytes)
Event: 11.819 Thread 0x00007ff93c822800 nmethod 965 0x000000010c7c2010 code [0x000000010c7c2240, 0x000000010c7c2d98]
Event: 11.819 Thread 0x00007ff93c822800  968       3       java.security.CodeSource::getCertificates (98 bytes)
Event: 11.820 Thread 0x00007ff93c822800 nmethod 968 0x000000010c7c4750 code [0x000000010c7c4980, 0x000000010c7c56b8]
Event: 11.820 Thread 0x00007ff93c822800  966       3       java.net.URLClassLoader::getAndVerifyPackage (109 bytes)
Event: 11.820 Thread 0x00007ff93c822800 nmethod 966 0x000000010c7c8ad0 code [0x000000010c7c8dc0, 0x000000010c7ca528]
Event: 11.820 Thread 0x00007ff93c822000 nmethod 925 0x000000010c7caf90 code [0x000000010c7cb300, 0x000000010c7ccbb0]
Event: 11.820 Thread 0x00007ff93c822800  967       3       java.security.CodeSource::<init> (40 bytes)
Event: 11.821 Thread 0x00007ff93c822800 nmethod 967 0x000000010c7c4010 code [0x000000010c7c41a0, 0x000000010c7c4608]

GC Heap History (10 events):
Event: 7.049 GC heap before
{Heap before GC invocations=8 (full 4):
 PSYoungGen      total 305664K, used 288K [0x0000000781800000, 0x0000000796d00000, 0x00000007c0000000)
  eden space 262144K, 0% used [0x0000000781800000,0x0000000781800000,0x0000000791800000)
  from space 43520K, 0% used [0x0000000794280000,0x00000007942c8000,0x0000000796d00000)
  to   space 43520K, 0% used [0x0000000791800000,0x0000000791800000,0x0000000794280000)
 ParOldGen       total 699392K, used 1734K [0x0000000704800000, 0x000000072f300000, 0x0000000781800000)
  object space 699392K, 0% used [0x0000000704800000,0x00000007049b1838,0x000000072f300000)
 Metaspace       used 8315K, capacity 8513K, committed 8832K, reserved 1056768K
  class space    used 718K, capacity 809K, committed 896K, reserved 1048576K
Event: 7.054 GC heap after
Heap after GC invocations=8 (full 4):
 PSYoungGen      total 305664K, used 0K [0x0000000781800000, 0x0000000796d00000, 0x00000007c0000000)
  eden space 262144K, 0% used [0x0000000781800000,0x0000000781800000,0x0000000791800000)
  from space 43520K, 0% used [0x0000000794280000,0x0000000794280000,0x0000000796d00000)
  to   space 43520K, 0% used [0x0000000791800000,0x0000000791800000,0x0000000794280000)
 ParOldGen       total 699392K, used 1719K [0x0000000704800000, 0x000000072f300000, 0x0000000781800000)
  object space 699392K, 0% used [0x0000000704800000,0x00000007049add28,0x000000072f300000)
 Metaspace       used 8315K, capacity 8513K, committed 8832K, reserved 1056768K
  class space    used 718K, capacity 809K, committed 896K, reserved 1048576K
}
Event: 8.701 GC heap before
{Heap before GC invocations=9 (full 4):
 PSYoungGen      total 305664K, used 5242K [0x0000000781800000, 0x0000000796d00000, 0x00000007c0000000)
  eden space 262144K, 2% used [0x0000000781800000,0x0000000781d1eba0,0x0000000791800000)
  from space 43520K, 0% used [0x0000000794280000,0x0000000794280000,0x0000000796d00000)
  to   space 43520K, 0% used [0x0000000791800000,0x0000000791800000,0x0000000794280000)
 ParOldGen       total 699392K, used 1719K [0x0000000704800000, 0x000000072f300000, 0x0000000781800000)
  object space 699392K, 0% used [0x0000000704800000,0x00000007049add28,0x000000072f300000)
 Metaspace       used 8315K, capacity 8513K, committed 8832K, reserved 1056768K
  class space    used 718K, capacity 809K, committed 896K, reserved 1048576K
Event: 8.705 GC heap after
Heap after GC invocations=9 (full 4):
 PSYoungGen      total 305664K, used 128K [0x0000000781800000, 0x0000000796d00000, 0x00000007c0000000)
  eden space 262144K, 0% used [0x0000000781800000,0x0000000781800000,0x0000000791800000)
  from space 43520K, 0% used [0x0000000791800000,0x0000000791820000,0x0000000794280000)
  to   space 43520K, 0% used [0x0000000794280000,0x0000000794280000,0x0000000796d00000)
 ParOldGen       total 699392K, used 1719K [0x0000000704800000, 0x000000072f300000, 0x0000000781800000)
  object space 699392K, 0% used [0x0000000704800000,0x00000007049add28,0x000000072f300000)
 Metaspace       used 8315K, capacity 8513K, committed 8832K, reserved 1056768K
  class space    used 718K, capacity 809K, committed 896K, reserved 1048576K
}
Event: 8.705 GC heap before
{Heap before GC invocations=10 (full 5):
 PSYoungGen      total 305664K, used 128K [0x0000000781800000, 0x0000000796d00000, 0x00000007c0000000)
  eden space 262144K, 0% used [0x0000000781800000,0x0000000781800000,0x0000000791800000)
  from space 43520K, 0% used [0x0000000791800000,0x0000000791820000,0x0000000794280000)
  to   space 43520K, 0% used [0x0000000794280000,0x0000000794280000,0x0000000796d00000)
 ParOldGen       total 699392K, used 1719K [0x0000000704800000, 0x000000072f300000, 0x0000000781800000)
  object space 699392K, 0% used [0x0000000704800000,0x00000007049add28,0x000000072f300000)
 Metaspace       used 8315K, capacity 8513K, committed 8832K, reserved 1056768K
  class space    used 718K, capacity 809K, committed 896K, reserved 1048576K
Event: 8.716 GC heap after
Heap after GC invocations=10 (full 5):
 PSYoungGen      total 305664K, used 0K [0x0000000781800000, 0x0000000796d00000, 0x00000007c0000000)
  eden space 262144K, 0% used [0x0000000781800000,0x0000000781800000,0x0000000791800000)
  from space 43520K, 0% used [0x0000000791800000,0x0000000791800000,0x0000000794280000)
  to   space 43520K, 0% used [0x0000000794280000,0x0000000794280000,0x0000000796d00000)
 ParOldGen       total 699392K, used 1711K [0x0000000704800000, 0x000000072f300000, 0x0000000781800000)
  object space 699392K, 0% used [0x0000000704800000,0x00000007049abdf0,0x000000072f300000)
 Metaspace       used 8315K, capacity 8513K, committed 8832K, reserved 1056768K
  class space    used 718K, capacity 809K, committed 896K, reserved 1048576K
}
Event: 10.854 GC heap before
{Heap before GC invocations=11 (full 5):
 PSYoungGen      total 305664K, used 5242K [0x0000000781800000, 0x0000000796d00000, 0x00000007c0000000)
  eden space 262144K, 2% used [0x0000000781800000,0x0000000781d1eba0,0x0000000791800000)
  from space 43520K, 0% used [0x0000000791800000,0x0000000791800000,0x0000000794280000)
  to   space 43520K, 0% used [0x0000000794280000,0x0000000794280000,0x0000000796d00000)
 ParOldGen       total 699392K, used 1711K [0x0000000704800000, 0x000000072f300000, 0x0000000781800000)
  object space 699392K, 0% used [0x0000000704800000,0x00000007049abdf0,0x000000072f300000)
 Metaspace       used 8315K, capacity 8513K, committed 8832K, reserved 1056768K
  class space    used 718K, capacity 809K, committed 896K, reserved 1048576K
Event: 10.856 GC heap after
Heap after GC invocations=11 (full 5):
 PSYoungGen      total 305664K, used 160K [0x0000000781800000, 0x0000000796d00000, 0x00000007c0000000)
  eden space 262144K, 0% used [0x0000000781800000,0x0000000781800000,0x0000000791800000)
  from space 43520K, 0% used [0x0000000794280000,0x00000007942a8000,0x0000000796d00000)
  to   space 43520K, 0% used [0x0000000791800000,0x0000000791800000,0x0000000794280000)
 ParOldGen       total 699392K, used 1711K [0x0000000704800000, 0x000000072f300000, 0x0000000781800000)
  object space 699392K, 0% used [0x0000000704800000,0x00000007049abdf0,0x000000072f300000)
 Metaspace       used 8315K, capacity 8513K, committed 8832K, reserved 1056768K
  class space    used 718K, capacity 809K, committed 896K, reserved 1048576K
}
Event: 10.856 GC heap before
{Heap before GC invocations=12 (full 6):
 PSYoungGen      total 305664K, used 160K [0x0000000781800000, 0x0000000796d00000, 0x00000007c0000000)
  eden space 262144K, 0% used [0x0000000781800000,0x0000000781800000,0x0000000791800000)
  from space 43520K, 0% used [0x0000000794280000,0x00000007942a8000,0x0000000796d00000)
  to   space 43520K, 0% used [0x0000000791800000,0x0000000791800000,0x0000000794280000)
 ParOldGen       total 699392K, used 1711K [0x0000000704800000, 0x000000072f300000, 0x0000000781800000)
  object space 699392K, 0% used [0x0000000704800000,0x00000007049abdf0,0x000000072f300000)
 Metaspace       used 8315K, capacity 8513K, committed 8832K, reserved 1056768K
  class space    used 718K, capacity 809K, committed 896K, reserved 1048576K
Event: 10.865 GC heap after
Heap after GC invocations=12 (full 6):
 PSYoungGen      total 305664K, used 0K [0x0000000781800000, 0x0000000796d00000, 0x00000007c0000000)
  eden space 262144K, 0% used [0x0000000781800000,0x0000000781800000,0x0000000791800000)
  from space 43520K, 0% used [0x0000000794280000,0x0000000794280000,0x0000000796d00000)
  to   space 43520K, 0% used [0x0000000791800000,0x0000000791800000,0x0000000794280000)
 ParOldGen       total 699392K, used 1706K [0x0000000704800000, 0x000000072f300000, 0x0000000781800000)
  object space 699392K, 0% used [0x0000000704800000,0x00000007049aa9b0,0x000000072f300000)
 Metaspace       used 8315K, capacity 8513K, committed 8832K, reserved 1056768K
  class space    used 718K, capacity 809K, committed 896K, reserved 1048576K
}

Deoptimization events (10 events):
Event: 2.801 Thread 0x00007ff93e017800 Uncommon trap: reason=class_check action=maybe_recompile pc=0x000000010c71504c method=java.lang.ref.Reference.tryHandlePending(Z)Z @ 17
Event: 2.801 Thread 0x00007ff93e017800 Uncommon trap: reason=class_check action=maybe_recompile pc=0x000000010c71504c method=java.lang.ref.Reference.tryHandlePending(Z)Z @ 17
Event: 2.801 Thread 0x00007ff93e017800 Uncommon trap: reason=class_check action=maybe_recompile pc=0x000000010c71504c method=java.lang.ref.Reference.tryHandlePending(Z)Z @ 17
Event: 2.801 Thread 0x00007ff93e017800 Uncommon trap: reason=class_check action=maybe_recompile pc=0x000000010c71504c method=java.lang.ref.Reference.tryHandlePending(Z)Z @ 17
Event: 11.272 Thread 0x00007ff93c014000 Uncommon trap: reason=unstable_if action=reinterpret pc=0x000000010c59dcd8 method=java.lang.String.indexOf([CII[CIII)I @ 3
Event: 11.272 Thread 0x00007ff93c014000 Uncommon trap: reason=unstable_if action=reinterpret pc=0x000000010c6d09b8 method=java.util.Arrays.copyOf([Ljava/lang/Object;ILjava/lang/Class;)[Ljava/lang/Object; @ 3
Event: 11.316 Thread 0x00007ff93c014000 Uncommon trap: reason=unstable_if action=reinterpret pc=0x000000010c75058c method=terrain.MappedTerrain.calculateNormal(III)Lorg/joml/Vector3f; @ 62
Event: 11.764 Thread 0x00007ff93c014000 Uncommon trap: reason=unstable_if action=reinterpret pc=0x000000010c6f0624 method=sun.misc.FloatingDecimal.readJavaFormatString(Ljava/lang/String;)Lsun/misc/FloatingDecimal$ASCIIToBinaryConverter; @ 445
Event: 11.764 Thread 0x00007ff93c014000 Uncommon trap: reason=unstable_if action=reinterpret pc=0x000000010c6cefdc method=sun.misc.FloatingDecimal$ASCIIToBinaryBuffer.floatValue()F @ 95
Event: 11.769 Thread 0x00007ff93c014000 Uncommon trap: reason=unstable_if action=reinterpret pc=0x000000010c70bfa4 method=java.lang.String.split(Ljava/lang/String;I)[Ljava/lang/String; @ 8

Classes redefined (0 events):
No events

Internal exceptions (10 events):
Event: 0.177 Thread 0x00007ff93c014000 Exception <a 'java/security/PrivilegedActionException'> (0x0000000781b90168) thrown at [/jenkins/workspace/8-2-build-macosx-x86_64/jdk8u271/605/hotspot/src/share/vm/prims/jvm.cpp, line 1512]
Event: 0.178 Thread 0x00007ff93c014000 Exception <a 'java/security/PrivilegedActionException'> (0x0000000781b93498) thrown at [/jenkins/workspace/8-2-build-macosx-x86_64/jdk8u271/605/hotspot/src/share/vm/prims/jvm.cpp, line 1512]
Event: 0.178 Thread 0x00007ff93c014000 Exception <a 'java/security/PrivilegedActionException'> (0x0000000781b936a8) thrown at [/jenkins/workspace/8-2-build-macosx-x86_64/jdk8u271/605/hotspot/src/share/vm/prims/jvm.cpp, line 1512]
Event: 0.196 Thread 0x00007ff93c014000 Exception <a 'sun/nio/fs/UnixException'> (0x0000000781bff0a8) thrown at [/jenkins/workspace/8-2-build-macosx-x86_64/jdk8u271/605/hotspot/src/share/vm/prims/jni.cpp, line 710]
Event: 0.211 Thread 0x00007ff93c014000 Exception <a 'sun/nio/fs/UnixException'> (0x0000000781c4c040) thrown at [/jenkins/workspace/8-2-build-macosx-x86_64/jdk8u271/605/hotspot/src/share/vm/prims/jni.cpp, line 710]
Event: 0.291 Thread 0x00007ff93c014000 Exception <a 'sun/nio/fs/UnixException'> (0x0000000782263e00) thrown at [/jenkins/workspace/8-2-build-macosx-x86_64/jdk8u271/605/hotspot/src/share/vm/prims/jni.cpp, line 710]
Event: 0.441 Thread 0x00007ff93c014000 Exception <a 'sun/nio/fs/UnixException'> (0x00000007822a8598) thrown at [/jenkins/workspace/8-2-build-macosx-x86_64/jdk8u271/605/hotspot/src/share/vm/prims/jni.cpp, line 710]
Event: 0.951 Thread 0x00007ff93c014000 Exception <a 'sun/nio/fs/UnixException'> (0x000000078272f3a8) thrown at [/jenkins/workspace/8-2-build-macosx-x86_64/jdk8u271/605/hotspot/src/share/vm/prims/jni.cpp, line 710]
Event: 11.261 Thread 0x00007ff93c014000 Exception <a 'java/io/FileNotFoundException'> (0x0000000781b593e8) thrown at [/jenkins/workspace/8-2-build-macosx-x86_64/jdk8u271/605/hotspot/src/share/vm/prims/jni.cpp, line 710]
Event: 11.261 Thread 0x00007ff93c014000 Exception <a 'java/io/FileNotFoundException'> (0x0000000781b59f78) thrown at [/jenkins/workspace/8-2-build-macosx-x86_64/jdk8u271/605/hotspot/src/share/vm/prims/jni.cpp, line 710]

Events (10 events):
Event: 11.818 loading class renderer/RendererSettings$Enabled$1
Event: 11.818 loading class renderer/RendererSettings$Enabled$1 done
Event: 11.819 loading class shadows/ShadowRenderer$1
Event: 11.819 loading class shadows/ShadowRenderer$1 done
Event: 11.819 loading class entity/EntityRenderer$2
Event: 11.819 loading class entity/EntityRenderer$2 done
Event: 11.831 loading class actors/InputReceiver
Event: 11.831 loading class actors/InputReceiver done
Event: 11.832 loading class actors/Exoskeleton
Event: 11.832 loading class actors/Exoskeleton done


Dynamic libraries:
0x00007fff32d30000 	/System/Library/Frameworks/Cocoa.framework/Versions/A/Cocoa
0x00007fff40527000 	/System/Library/Frameworks/Security.framework/Versions/A/Security
0x00007fff31c95000 	/System/Library/Frameworks/ApplicationServices.framework/Versions/A/ApplicationServices
0x00007fff6d04b000 	/usr/lib/libz.1.dylib
0x00007fff6ab0f000 	/usr/lib/libSystem.B.dylib
0x00007fff33bd2000 	/System/Library/Frameworks/CoreFoundation.framework/Versions/A/CoreFoundation
0x00007fff3628f000 	/System/Library/Frameworks/Foundation.framework/Versions/C/Foundation
0x00007fff6c96f000 	/usr/lib/libobjc.A.dylib
0x00007fff30e85000 	/System/Library/Frameworks/AppKit.framework/Versions/C/AppKit
0x00007fff336b4000 	/System/Library/Frameworks/CoreData.framework/Versions/A/CoreData
0x00007fff64b24000 	/System/Library/PrivateFrameworks/UIFoundation.framework/Versions/A/UIFoundation
0x00007fff5fbb8000 	/System/Library/PrivateFrameworks/RemoteViewServices.framework/Versions/A/RemoteViewServices
0x00007fff6767f000 	/System/Library/PrivateFrameworks/XCTTargetBootstrap.framework/Versions/A/XCTTargetBootstrap
0x00007fff33a9f000 	/System/Library/Frameworks/CoreDisplay.framework/Versions/A/CoreDisplay
0x00007fff3914a000 	/System/Library/Frameworks/Metal.framework/Versions/A/Metal
0x00007fff4dbbb000 	/System/Library/PrivateFrameworks/DesktopServicesPriv.framework/Versions/A/DesktopServicesPriv
0x00007fff6bc4a000 	/usr/lib/liblangid.dylib
0x00007fff4ce50000 	/System/Library/PrivateFrameworks/CoreSVG.framework/Versions/A/CoreSVG
0x00007fff62d14000 	/System/Library/PrivateFrameworks/SkyLight.framework/Versions/A/SkyLight
0x00007fff34053000 	/System/Library/Frameworks/CoreGraphics.framework/Versions/A/CoreGraphics
0x00007fff2f859000 	/System/Library/Frameworks/Accelerate.framework/Versions/A/Accelerate
0x00007fff6cf3c000 	/usr/lib/libxml2.2.dylib
0x00007fff58b43000 	/System/Library/PrivateFrameworks/IconServices.framework/Versions/A/IconServices
0x00007fff36a6e000 	/System/Library/Frameworks/IOSurface.framework/Versions/A/IOSurface
0x00007fff6a639000 	/usr/lib/libDiagnosticMessagesClient.dylib
0x00007fff4da15000 	/System/Library/PrivateFrameworks/DFRFoundation.framework/Versions/A/DFRFoundation
0x00007fff6b9d9000 	/usr/lib/libicucore.A.dylib
0x00007fff31fc7000 	/System/Library/Frameworks/AudioToolbox.framework/Versions/A/AudioToolbox
0x00007fff320aa000 	/System/Library/Frameworks/AudioUnit.framework/Versions/A/AudioUnit
0x00007fff6ad11000 	/usr/lib/libauto.dylib
0x00007fff4dab7000 	/System/Library/PrivateFrameworks/DataDetectorsCore.framework/Versions/A/DataDetectorsCore
0x00007fff32851000 	/System/Library/Frameworks/Carbon.framework/Versions/A/Frameworks/HIToolbox.framework/Versions/A/HIToolbox
0x00007fff3f723000 	/System/Library/Frameworks/QuartzCore.framework/Versions/A/QuartzCore
0x00007fff32b90000 	/System/Library/Frameworks/Carbon.framework/Versions/A/Frameworks/SpeechRecognition.framework/Versions/A/SpeechRecognition
0x00007fff4d529000 	/System/Library/PrivateFrameworks/CoreUI.framework/Versions/A/CoreUI
0x00007fff3311f000 	/System/Library/Frameworks/CoreAudio.framework/Versions/A/CoreAudio
0x00007fff35f4e000 	/System/Library/Frameworks/DiskArbitration.framework/Versions/A/DiskArbitration
0x00007fff5ab93000 	/System/Library/PrivateFrameworks/MultitouchSupport.framework/Versions/A/MultitouchSupport
0x00007fff6b8a0000 	/usr/lib/libenergytrace.dylib
0x00007fff369c8000 	/System/Library/Frameworks/IOKit.framework/Versions/A/IOKit
0x00007fff34fba000 	/System/Library/Frameworks/CoreServices.framework/Versions/A/CoreServices
0x00007fff5cd4b000 	/System/Library/PrivateFrameworks/PerformanceAnalysis.framework/Versions/A/PerformanceAnalysis
0x00007fff3e756000 	/System/Library/Frameworks/OpenGL.framework/Versions/A/OpenGL
0x00007fff32d3e000 	/System/Library/Frameworks/ColorSync.framework/Versions/A/ColorSync
0x00007fff346d6000 	/System/Library/Frameworks/CoreImage.framework/Versions/A/CoreImage
0x00007fff35a2d000 	/System/Library/Frameworks/CoreText.framework/Versions/A/CoreText
0x00007fff36afe000 	/System/Library/Frameworks/ImageIO.framework/Versions/A/ImageIO
0x00007fff6adf5000 	/usr/lib/libc++.1.dylib
0x00007fff6ae71000 	/usr/lib/libcompression.dylib
0x00007fff6a97d000 	/usr/lib/libMobileGestalt.dylib
0x00007fff6488e000 	/System/Library/PrivateFrameworks/TextureIO.framework/Versions/A/TextureIO
0x00007fff6ac74000 	/usr/lib/libate.dylib
0x00007fff58d4c000 	/System/Library/PrivateFrameworks/InternationalSupport.framework/Versions/A/InternationalSupport
0x00007fff6d90c000 	/usr/lib/system/libcache.dylib
0x00007fff6d912000 	/usr/lib/system/libcommonCrypto.dylib
0x00007fff6d91e000 	/usr/lib/system/libcompiler_rt.dylib
0x00007fff6d926000 	/usr/lib/system/libcopyfile.dylib
0x00007fff6d930000 	/usr/lib/system/libcorecrypto.dylib
0x00007fff6dacf000 	/usr/lib/system/libdispatch.dylib
0x00007fff6db10000 	/usr/lib/system/libdyld.dylib
0x00007fff6db47000 	/usr/lib/system/libkeymgr.dylib
0x00007fff6db55000 	/usr/lib/system/liblaunch.dylib
0x00007fff6db56000 	/usr/lib/system/libmacho.dylib
0x00007fff6db5c000 	/usr/lib/system/libquarantine.dylib
0x00007fff6db5f000 	/usr/lib/system/libremovefile.dylib
0x00007fff6db61000 	/usr/lib/system/libsystem_asl.dylib
0x00007fff6db79000 	/usr/lib/system/libsystem_blocks.dylib
0x00007fff6db7a000 	/usr/lib/system/libsystem_c.dylib
0x00007fff6dc02000 	/usr/lib/system/libsystem_configuration.dylib
0x00007fff6dc06000 	/usr/lib/system/libsystem_coreservices.dylib
0x00007fff6dc0a000 	/usr/lib/system/libsystem_darwin.dylib
0x00007fff6dc13000 	/usr/lib/system/libsystem_dnssd.dylib
0x00007fff6dc1b000 	/usr/lib/system/libsystem_featureflags.dylib
0x00007fff6dc1d000 	/usr/lib/system/libsystem_info.dylib
0x00007fff6dc98000 	/usr/lib/system/libsystem_m.dylib
0x00007fff6dce0000 	/usr/lib/system/libsystem_malloc.dylib
0x00007fff6dd08000 	/usr/lib/system/libsystem_networkextension.dylib
0x00007fff6dd16000 	/usr/lib/system/libsystem_notify.dylib
0x00007fff6dd34000 	/usr/lib/system/libsystem_sandbox.dylib
0x00007fff6dd39000 	/usr/lib/system/libsystem_secinit.dylib
0x00007fff6dc6b000 	/usr/lib/system/libsystem_kernel.dylib
0x00007fff6dd20000 	/usr/lib/system/libsystem_platform.dylib
0x00007fff6dd29000 	/usr/lib/system/libsystem_pthread.dylib
0x00007fff6dd3c000 	/usr/lib/system/libsystem_symptoms.dylib
0x00007fff6dd44000 	/usr/lib/system/libsystem_trace.dylib
0x00007fff6dd5c000 	/usr/lib/system/libunwind.dylib
0x00007fff6dd62000 	/usr/lib/system/libxpc.dylib
0x00007fff6ae48000 	/usr/lib/libc++abi.dylib
0x00007fff6bc4c000 	/usr/lib/liblzma.5.dylib
0x00007fff6b8c7000 	/usr/lib/libfakelink.dylib
0x00007fff6ac01000 	/usr/lib/libarchive.2.dylib
0x00007fff415d8000 	/System/Library/Frameworks/SystemConfiguration.framework/Versions/A/SystemConfiguration
0x00007fff6a56c000 	/usr/lib/libCRFSuite.dylib
0x00007fff32441000 	/System/Library/Frameworks/CFNetwork.framework/Versions/A/CFNetwork
0x00007fff6add7000 	/usr/lib/libbsm.0.dylib
0x00007fff6db48000 	/usr/lib/system/libkxld.dylib
0x00007fff47392000 	/System/Library/PrivateFrameworks/AppleFSCompression.framework/Versions/A/AppleFSCompression
0x00007fff6b162000 	/usr/lib/libcoretls.dylib
0x00007fff6b179000 	/usr/lib/libcoretls_cfhelpers.dylib
0x00007fff6c9b5000 	/usr/lib/libpam.2.dylib
0x00007fff6caea000 	/usr/lib/libsqlite3.dylib
0x00007fff6cf29000 	/usr/lib/libxar.1.dylib
0x00007fff6ade8000 	/usr/lib/libbz2.1.0.dylib
0x00007fff6b8e8000 	/usr/lib/libiconv.2.dylib
0x00007fff6ae5e000 	/usr/lib/libcharset.1.dylib
0x00007fff6c452000 	/usr/lib/libnetwork.dylib
0x00007fff6c9bc000 	/usr/lib/libpcap.A.dylib
0x00007fff6abb6000 	/usr/lib/libapple_nghttp2.dylib
0x00007fff35371000 	/System/Library/Frameworks/CoreServices.framework/Versions/A/Frameworks/FSEvents.framework/Versions/A/FSEvents
0x00007fff35041000 	/System/Library/Frameworks/CoreServices.framework/Versions/A/Frameworks/CarbonCore.framework/Versions/A/CarbonCore
0x00007fff355b5000 	/System/Library/Frameworks/CoreServices.framework/Versions/A/Frameworks/Metadata.framework/Versions/A/Metadata
0x00007fff3564e000 	/System/Library/Frameworks/CoreServices.framework/Versions/A/Frameworks/OSServices.framework/Versions/A/OSServices
0x00007fff3567c000 	/System/Library/Frameworks/CoreServices.framework/Versions/A/Frameworks/SearchKit.framework/Versions/A/SearchKit
0x00007fff34fbb000 	/System/Library/Frameworks/CoreServices.framework/Versions/A/Frameworks/AE.framework/Versions/A/AE
0x00007fff3537a000 	/System/Library/Frameworks/CoreServices.framework/Versions/A/Frameworks/LaunchServices.framework/Versions/A/LaunchServices
0x00007fff35323000 	/System/Library/Frameworks/CoreServices.framework/Versions/A/Frameworks/DictionaryServices.framework/Versions/A/DictionaryServices
0x00007fff356e4000 	/System/Library/Frameworks/CoreServices.framework/Versions/A/Frameworks/SharedFileList.framework/Versions/A/SharedFileList
0x00007fff3a575000 	/System/Library/Frameworks/NetFS.framework/Versions/A/NetFS
0x00007fff5b0c3000 	/System/Library/PrivateFrameworks/NetAuth.framework/Versions/A/NetAuth
0x00007fff67a4c000 	/System/Library/PrivateFrameworks/login.framework/Versions/A/Frameworks/loginsupport.framework/Versions/A/loginsupport
0x00007fff64359000 	/System/Library/PrivateFrameworks/TCC.framework/Versions/A/TCC
0x00007fff4bfc3000 	/System/Library/PrivateFrameworks/CoreNLP.framework/Versions/A/CoreNLP
0x00007fff5a5c0000 	/System/Library/PrivateFrameworks/MetadataUtilities.framework/Versions/A/MetadataUtilities
0x00007fff6bd24000 	/usr/lib/libmecabra.dylib
0x00007fff6bc7c000 	/usr/lib/libmecab.dylib
0x00007fff6b8d8000 	/usr/lib/libgermantok.dylib
0x00007fff6ab9d000 	/usr/lib/libThaiTokenizer.dylib
0x00007fff6a5a3000 	/usr/lib/libChineseTokenizer.dylib
0x00007fff2f871000 	/System/Library/Frameworks/Accelerate.framework/Versions/A/Frameworks/vImage.framework/Versions/A/vImage
0x00007fff30cdb000 	/System/Library/Frameworks/Accelerate.framework/Versions/A/Frameworks/vecLib.framework/Versions/A/vecLib
0x00007fff30c18000 	/System/Library/Frameworks/Accelerate.framework/Versions/A/Frameworks/vecLib.framework/Versions/A/libvMisc.dylib
0x00007fff30a40000 	/System/Library/Frameworks/Accelerate.framework/Versions/A/Frameworks/vecLib.framework/Versions/A/libvDSP.dylib
0x00007fff2fec8000 	/System/Library/Frameworks/Accelerate.framework/Versions/A/Frameworks/vecLib.framework/Versions/A/libBLAS.dylib
0x00007fff30604000 	/System/Library/Frameworks/Accelerate.framework/Versions/A/Frameworks/vecLib.framework/Versions/A/libLAPACK.dylib
0x00007fff309a0000 	/System/Library/Frameworks/Accelerate.framework/Versions/A/Frameworks/vecLib.framework/Versions/A/libLinearAlgebra.dylib
0x00007fff30a2d000 	/System/Library/Frameworks/Accelerate.framework/Versions/A/Frameworks/vecLib.framework/Versions/A/libSparseBLAS.dylib
0x00007fff309b6000 	/System/Library/Frameworks/Accelerate.framework/Versions/A/Frameworks/vecLib.framework/Versions/A/libQuadrature.dylib
0x00007fff30130000 	/System/Library/Frameworks/Accelerate.framework/Versions/A/Frameworks/vecLib.framework/Versions/A/libBNNS.dylib
0x00007fff309bc000 	/System/Library/Frameworks/Accelerate.framework/Versions/A/Frameworks/vecLib.framework/Versions/A/libSparse.dylib
0x00007fff59134000 	/System/Library/PrivateFrameworks/LanguageModeling.framework/Versions/A/LanguageModeling
0x00007fff4b973000 	/System/Library/PrivateFrameworks/CoreEmoji.framework/Versions/A/CoreEmoji
0x00007fff59252000 	/System/Library/PrivateFrameworks/LinguisticData.framework/Versions/A/LinguisticData
0x00007fff59203000 	/System/Library/PrivateFrameworks/Lexicon.framework/Versions/A/Lexicon
0x00007fff6ae5f000 	/usr/lib/libcmph.dylib
0x00007fff3d164000 	/System/Library/Frameworks/OpenDirectory.framework/Versions/A/Frameworks/CFOpenDirectory.framework/Versions/A/CFOpenDirectory
0x00007fff3d181000 	/System/Library/Frameworks/OpenDirectory.framework/Versions/A/OpenDirectory
0x00007fff455c2000 	/System/Library/PrivateFrameworks/APFS.framework/Versions/A/APFS
0x00007fff40871000 	/System/Library/Frameworks/SecurityFoundation.framework/Versions/A/SecurityFoundation
0x00007fff6cf25000 	/usr/lib/libutil.dylib
0x00007fff4cea8000 	/System/Library/PrivateFrameworks/CoreServicesStore.framework/Versions/A/CoreServicesStore
0x00007fff40928000 	/System/Library/Frameworks/ServiceManagement.framework/Versions/A/ServiceManagement
0x00007fff48b62000 	/System/Library/PrivateFrameworks/BackgroundTaskManagement.framework/Versions/A/BackgroundTaskManagement
0x00007fff6d022000 	/usr/lib/libxslt.1.dylib
0x00007fff47a05000 	/System/Library/PrivateFrameworks/AppleSystemInfo.framework/Versions/A/AppleSystemInfo
0x00007fff36d19000 	/System/Library/Frameworks/ImageIO.framework/Versions/A/Resources/libJPEG.dylib
0x00007fff36fd8000 	/System/Library/Frameworks/ImageIO.framework/Versions/A/Resources/libTIFF.dylib
0x00007fff36fbb000 	/System/Library/Frameworks/ImageIO.framework/Versions/A/Resources/libPng.dylib
0x00007fff36c5b000 	/System/Library/Frameworks/ImageIO.framework/Versions/A/Resources/libGIF.dylib
0x00007fff36c5f000 	/System/Library/Frameworks/ImageIO.framework/Versions/A/Resources/libJP2.dylib
0x00007fff36fd6000 	/System/Library/Frameworks/ImageIO.framework/Versions/A/Resources/libRadiance.dylib
0x00007fff6b8a1000 	/usr/lib/libexpat.1.dylib
0x00007fff474ed000 	/System/Library/PrivateFrameworks/AppleJPEG.framework/Versions/A/AppleJPEG
0x00007fff501a8000 	/System/Library/PrivateFrameworks/FontServices.framework/libFontParser.dylib
0x00007fff66a4e000 	/System/Library/PrivateFrameworks/WatchdogClient.framework/Versions/A/WatchdogClient
0x00007fff5878f000 	/System/Library/PrivateFrameworks/IOAccelerator.framework/Versions/A/IOAccelerator
0x00007fff394e5000 	/System/Library/Frameworks/MetalPerformanceShaders.framework/Versions/A/MetalPerformanceShaders
0x00007fff54f25000 	/System/Library/PrivateFrameworks/GPUWrangler.framework/Versions/A/GPUWrangler
0x00007fff587a4000 	/System/Library/PrivateFrameworks/IOPresentment.framework/Versions/A/IOPresentment
0x00007fff4da28000 	/System/Library/PrivateFrameworks/DSExternalDisplay.framework/Versions/A/DSExternalDisplay
0x00007fff3daf5000 	/System/Library/Frameworks/OpenGL.framework/Versions/A/Libraries/libCoreFSCache.dylib
0x00007fff39231000 	/System/Library/Frameworks/MetalPerformanceShaders.framework/Frameworks/MPSCore.framework/Versions/A/MPSCore
0x00007fff3926f000 	/System/Library/Frameworks/MetalPerformanceShaders.framework/Frameworks/MPSImage.framework/Versions/A/MPSImage
0x00007fff39336000 	/System/Library/Frameworks/MetalPerformanceShaders.framework/Frameworks/MPSNeuralNetwork.framework/Versions/A/MPSNeuralNetwork
0x00007fff392fa000 	/System/Library/Frameworks/MetalPerformanceShaders.framework/Frameworks/MPSMatrix.framework/Versions/A/MPSMatrix
0x00007fff39495000 	/System/Library/Frameworks/MetalPerformanceShaders.framework/Frameworks/MPSRayIntersector.framework/Versions/A/MPSRayIntersector
0x00007fff39320000 	/System/Library/Frameworks/MetalPerformanceShaders.framework/Frameworks/MPSNDArray.framework/Versions/A/MPSNDArray
0x00007fff5a60d000 	/System/Library/PrivateFrameworks/MetalTools.framework/Versions/A/MetalTools
0x00007fff4679c000 	/System/Library/PrivateFrameworks/AggregateDictionary.framework/Versions/A/AggregateDictionary
0x00007fff4b3bb000 	/System/Library/PrivateFrameworks/CoreAnalytics.framework/Versions/A/CoreAnalytics
0x00007fff47924000 	/System/Library/PrivateFrameworks/AppleSauce.framework/Versions/A/AppleSauce
0x00007fff6a85f000 	/usr/lib/libIOReport.dylib
0x00007fff35be5000 	/System/Library/Frameworks/CoreVideo.framework/Versions/A/CoreVideo
0x00007fff5639e000 	/System/Library/PrivateFrameworks/GraphVisualizer.framework/Versions/A/GraphVisualizer
0x00007fff4f6ee000 	/System/Library/PrivateFrameworks/FaceCore.framework/Versions/A/FaceCore
0x00007fff3d10b000 	/System/Library/Frameworks/OpenCL.framework/Versions/A/OpenCL
0x00007fff6a681000 	/usr/lib/libFosl_dynamic.dylib
0x00007fff5bae3000 	/System/Library/PrivateFrameworks/OTSVG.framework/Versions/A/OTSVG
0x00007fff31d9a000 	/System/Library/Frameworks/ApplicationServices.framework/Versions/A/Frameworks/ATS.framework/Versions/A/Resources/libFontRegistry.dylib
0x00007fff50379000 	/System/Library/PrivateFrameworks/FontServices.framework/libhvf.dylib
0x00007fff3db00000 	/System/Library/Frameworks/OpenGL.framework/Versions/A/Libraries/libGFXShared.dylib
0x00007fff3dcde000 	/System/Library/Frameworks/OpenGL.framework/Versions/A/Libraries/libGLU.dylib
0x00007fff3db09000 	/System/Library/Frameworks/OpenGL.framework/Versions/A/Libraries/libGL.dylib
0x00007fff3db14000 	/System/Library/Frameworks/OpenGL.framework/Versions/A/Libraries/libGLImage.dylib
0x00007fff3daf2000 	/System/Library/Frameworks/OpenGL.framework/Versions/A/Libraries/libCVMSPluginSupport.dylib
0x00007fff3dafb000 	/System/Library/Frameworks/OpenGL.framework/Versions/A/Libraries/libCoreVMClient.dylib
0x00007fff6c2f3000 	/usr/lib/libncurses.5.4.dylib
0x00007fff31c96000 	/System/Library/Frameworks/ApplicationServices.framework/Versions/A/Frameworks/ATS.framework/Versions/A/ATS
0x00007fff31e63000 	/System/Library/Frameworks/ApplicationServices.framework/Versions/A/Frameworks/ColorSyncLegacy.framework/Versions/A/ColorSyncLegacy
0x00007fff31f01000 	/System/Library/Frameworks/ApplicationServices.framework/Versions/A/Frameworks/HIServices.framework/Versions/A/HIServices
0x00007fff31f59000 	/System/Library/Frameworks/ApplicationServices.framework/Versions/A/Frameworks/LangAnalysis.framework/Versions/A/LangAnalysis
0x00007fff31f68000 	/System/Library/Frameworks/ApplicationServices.framework/Versions/A/Frameworks/PrintCore.framework/Versions/A/PrintCore
0x00007fff31fae000 	/System/Library/Frameworks/ApplicationServices.framework/Versions/A/Frameworks/QD.framework/Versions/A/QD
0x00007fff31fb9000 	/System/Library/Frameworks/ApplicationServices.framework/Versions/A/Frameworks/SpeechSynthesis.framework/Versions/A/SpeechSynthesis
0x00007fff31e33000 	/System/Library/Frameworks/ApplicationServices.framework/Versions/A/Frameworks/ATSUI.framework/Versions/A/ATSUI
0x00007fff6b737000 	/usr/lib/libcups.2.dylib
0x00007fff38580000 	/System/Library/Frameworks/Kerberos.framework/Versions/A/Kerberos
0x00007fff366c1000 	/System/Library/Frameworks/GSS.framework/Versions/A/GSS
0x00007fff6ca76000 	/usr/lib/libresolv.9.dylib
0x00007fff5654b000 	/System/Library/PrivateFrameworks/Heimdal.framework/Versions/A/Heimdal
0x00007fff38593000 	/System/Library/Frameworks/Kerberos.framework/Versions/A/Libraries/libHeimdalProxy.dylib
0x00007fff6b8de000 	/usr/lib/libheimdal-asn1.dylib
0x00007fff4a853000 	/System/Library/PrivateFrameworks/CommonAuth.framework/Versions/A/CommonAuth
0x00007fff47aa2000 	/System/Library/PrivateFrameworks/AssertionServices.framework/Versions/A/AssertionServices
0x00007fff48645000 	/System/Library/PrivateFrameworks/AudioToolboxCore.framework/Versions/A/AudioToolboxCore
0x00007fff676fc000 	/System/Library/PrivateFrameworks/caulk.framework/Versions/A/caulk
0x00007fff48c0e000 	/System/Library/PrivateFrameworks/BaseBoard.framework/Versions/A/BaseBoard
0x00007fff5fd46000 	/System/Library/PrivateFrameworks/RunningBoardServices.framework/Versions/A/RunningBoardServices
0x00007fff5cd57000 	/System/Library/PrivateFrameworks/PersistentConnection.framework/Versions/A/PersistentConnection
0x00007fff5f73f000 	/System/Library/PrivateFrameworks/ProtocolBuffer.framework/Versions/A/ProtocolBuffer
0x00007fff4a877000 	/System/Library/PrivateFrameworks/CommonUtilities.framework/Versions/A/CommonUtilities
0x00007fff48d9c000 	/System/Library/PrivateFrameworks/Bom.framework/Versions/A/Bom
0x00007fff6a532000 	/usr/lib/libAudioToolboxUtility.dylib
0x00007fff48b6c000 	/System/Library/PrivateFrameworks/Backup.framework/Versions/A/Backup
0x00007fff4d949000 	/System/Library/PrivateFrameworks/CrashReporterSupport.framework/Versions/A/CrashReporterSupport
0x00007fff617d8000 	/System/Library/PrivateFrameworks/Sharing.framework/Versions/A/Sharing
0x00007fff470b0000 	/System/Library/PrivateFrameworks/Apple80211.framework/Versions/A/Apple80211
0x00007fff48889000 	/System/Library/PrivateFrameworks/AuthKit.framework/Versions/A/AuthKit
0x00007fff4d656000 	/System/Library/PrivateFrameworks/CoreUtils.framework/Versions/A/CoreUtils
0x00007fff35c2a000 	/System/Library/Frameworks/CoreWLAN.framework/Versions/A/CoreWLAN
0x00007fff3684e000 	/System/Library/Frameworks/IOBluetooth.framework/Versions/A/IOBluetooth
0x00007fff5a912000 	/System/Library/PrivateFrameworks/MobileKeyBag.framework/Versions/A/MobileKeyBag
0x00007fff4c45b000 	/System/Library/PrivateFrameworks/CorePhoneNumbers.framework/Versions/A/CorePhoneNumbers
0x00007fff474a0000 	/System/Library/PrivateFrameworks/AppleIDAuthSupport.framework/Versions/A/AppleIDAuthSupport
0x00007fff3a582000 	/System/Library/Frameworks/Network.framework/Versions/A/Network
0x00007fff58fe0000 	/System/Library/PrivateFrameworks/KeychainCircle.framework/Versions/A/KeychainCircle
0x00007fff3367b000 	/System/Library/Frameworks/CoreBluetooth.framework/Versions/A/CoreBluetooth
0x00007fff63857000 	/System/Library/PrivateFrameworks/SpeechRecognitionCore.framework/Versions/A/SpeechRecognitionCore
0x0000000105400000 	/Library/Java/JavaVirtualMachines/jdk1.8.0_271.jdk/Contents/Home/jre/lib/server/libjvm.dylib
0x0000000103be0000 	/Library/Java/JavaVirtualMachines/jdk1.8.0_271.jdk/Contents/Home/jre/lib/libverify.dylib
0x000000010620e000 	/Library/Java/JavaVirtualMachines/jdk1.8.0_271.jdk/Contents/Home/jre/lib/libjava.dylib
0x0000000106281000 	/Library/Java/JavaVirtualMachines/jdk1.8.0_271.jdk/Contents/Home/jre/lib/libzip.dylib
0x0000000109b8f000 	/Library/Java/JavaVirtualMachines/jdk1.8.0_271.jdk/Contents/Home/jre/lib/libnio.dylib
0x0000000109ba1000 	/Library/Java/JavaVirtualMachines/jdk1.8.0_271.jdk/Contents/Home/jre/lib/libnet.dylib
0x0000000109be9000 	/private/var/folders/sz/8bwhr0qj1sg228n20r22shqw0000gn/T/lwjglhuangyoulin/3.2.3-build-13/liblwjgl.dylib
0x0000000109c20000 	/private/var/folders/sz/8bwhr0qj1sg228n20r22shqw0000gn/T/lwjglhuangyoulin/3.2.3-build-13/libglfw.dylib
0x00007fff4ce74000 	/System/Library/PrivateFrameworks/CoreServicesInternal.framework/Versions/A/CoreServicesInternal
0x00007fff36149000 	/System/Library/Frameworks/FileProvider.framework/Versions/A/FileProvider
0x00007fff30cdc000 	/System/Library/Frameworks/Accounts.framework/Versions/A/Accounts
0x00007fff5524a000 	/System/Library/PrivateFrameworks/GenerationalStorage.framework/Versions/A/GenerationalStorage
0x00007fff4d3fb000 	/System/Library/PrivateFrameworks/CoreSymbolication.framework/Versions/A/CoreSymbolication
0x00007fff64099000 	/System/Library/PrivateFrameworks/SymptomDiagnosticReporter.framework/Versions/A/SymptomDiagnosticReporter
0x00007fff46bb4000 	/System/Library/PrivateFrameworks/AppContainer.framework/Versions/A/AppContainer
0x00007fff6ca90000 	/usr/lib/libsandbox.1.dylib
0x00007fff659f2000 	/System/Library/PrivateFrameworks/UserManagement.framework/Versions/A/UserManagement
0x00007fff49958000 	/System/Library/PrivateFrameworks/ChunkingLibrary.framework/Versions/A/ChunkingLibrary
0x00007fff4db7d000 	/System/Library/PrivateFrameworks/DebugSymbols.framework/Versions/A/DebugSymbols
0x00007fff46c26000 	/System/Library/PrivateFrameworks/AppSandbox.framework/Versions/A/AppSandbox
0x00007fff61662000 	/System/Library/PrivateFrameworks/SecCodeWrapper.framework/Versions/A/SecCodeWrapper
0x00007fff6a947000 	/usr/lib/libMatch.1.dylib
0x00007fff2f85a000 	/System/Library/Frameworks/Accelerate.framework/Versions/A/Frameworks/vImage.framework/Versions/A/Libraries/libCGInterfaces.dylib
0x00007fff502e0000 	/System/Library/PrivateFrameworks/FontServices.framework/libTrueTypeScaler.dylib
0x00007fff27385000 	/System/Library/Extensions/AMDRadeonX6000MTLDriver.bundle/Contents/MacOS/AMDRadeonX6000MTLDriver
0x00007fff58785000 	/System/Library/PrivateFrameworks/IOAccelMemoryInfo.framework/Versions/A/IOAccelMemoryInfo
0x00007fff2c5d2000 	/System/Library/Extensions/AppleIntelKBLGraphicsMTLDriver.bundle/Contents/MacOS/AppleIntelKBLGraphicsMTLDriver
0x00007fff5386a000 	/System/Library/PrivateFrameworks/GPUCompiler.framework/Versions/3902/Libraries/libmetal_timestamp.dylib
0x00007fff667be000 	/System/Library/PrivateFrameworks/ViewBridge.framework/Versions/A/ViewBridge
0x000000010ba4f000 	/usr/lib/libobjc-trampolines.dylib
0x00007fff67a4f000 	/System/Library/PrivateFrameworks/login.framework/Versions/A/login
0x00007fff3e766000 	/System/Library/Frameworks/OpenGL.framework/Versions/A/Resources/GLEngine.bundle/GLEngine
0x00007fff3db49000 	/System/Library/Frameworks/OpenGL.framework/Versions/A/Libraries/libGLProgrammability.dylib
0x00007fff2b5ca000 	/System/Library/Extensions/AppleIntelKBLGraphicsGLDriver.bundle/Contents/MacOS/AppleIntelKBLGraphicsGLDriver
0x00007fff54f19000 	/System/Library/PrivateFrameworks/GPUSupport.framework/Versions/A/Libraries/libGPUSupportMercury.dylib
0x000000010baba000 	/System/Library/Extensions/AMDRadeonX6000GLDriver.bundle/Contents/MacOS/AMDRadeonX6000GLDriver
0x00007fff2734e000 	/System/Library/Extensions/AMDRadeonX6000GLDriver.bundle/Contents/MacOS/ATIRadeonX6000SCLib.dylib
0x00007fff28553000 	/System/Library/Extensions/AMDShared.bundle/Contents/PlugIns/libSC.dylib
0x00007fff3e8e0000 	/System/Library/Frameworks/OpenGL.framework/Versions/A/Resources/GLRendererFloat.bundle/GLRendererFloat
0x00007fff3d102000 	/System/Library/Frameworks/OpenCL.framework/Versions/A/Libraries/libcldcpuengine.dylib
0x000000010be34000 	/private/var/folders/sz/8bwhr0qj1sg228n20r22shqw0000gn/T/lwjglhuangyoulin/3.2.3-build-13/liblwjgl_opengl.dylib
0x000000010be5a000 	/private/var/folders/sz/8bwhr0qj1sg228n20r22shqw0000gn/T/lwjglhuangyoulin/3.2.3-build-13/liblwjgl_stb.dylib
0x0000000127bde000 	/Library/Java/JavaVirtualMachines/jdk1.8.0_271.jdk/Contents/Home/jre/lib/libawt.dylib
0x0000000127c7e000 	/Library/Java/JavaVirtualMachines/jdk1.8.0_271.jdk/Contents/Home/jre/lib/libmlib_image.dylib
0x00007fff3856a000 	/System/Library/Frameworks/JavaVM.framework/Versions/A/Frameworks/JavaNativeFoundation.framework/Versions/A/JavaNativeFoundation
0x00007fff38573000 	/System/Library/Frameworks/JavaVM.framework/Versions/A/Frameworks/JavaRuntimeSupport.framework/Versions/A/JavaRuntimeSupport
0x00007fff3857b000 	/System/Library/Frameworks/JavaVM.framework/Versions/A/JavaVM
0x00007fff58df7000 	/System/Library/PrivateFrameworks/JavaLaunching.framework/Versions/A/JavaLaunching
0x00007fff3284c000 	/System/Library/Frameworks/Carbon.framework/Versions/A/Carbon
0x00007fff3284d000 	/System/Library/Frameworks/Carbon.framework/Versions/A/Frameworks/CommonPanels.framework/Versions/A/CommonPanels
0x00007fff32b46000 	/System/Library/Frameworks/Carbon.framework/Versions/A/Frameworks/Help.framework/Versions/A/Help
0x00007fff32b4a000 	/System/Library/Frameworks/Carbon.framework/Versions/A/Frameworks/ImageCapture.framework/Versions/A/ImageCapture
0x00007fff32b51000 	/System/Library/Frameworks/Carbon.framework/Versions/A/Frameworks/OpenScripting.framework/Versions/A/OpenScripting
0x00007fff32b50000 	/System/Library/Frameworks/Carbon.framework/Versions/A/Frameworks/Ink.framework/Versions/A/Ink
0x00007fff32b8c000 	/System/Library/Frameworks/Carbon.framework/Versions/A/Frameworks/Print.framework/Versions/A/Print
0x00007fff32b8d000 	/System/Library/Frameworks/Carbon.framework/Versions/A/Frameworks/SecurityHI.framework/Versions/A/SecurityHI
0x0000000127d3d000 	/Library/Java/JavaVirtualMachines/jdk1.8.0_271.jdk/Contents/Home/jre/lib/libawt_lwawt.dylib
0x000000010c2c9000 	/Library/Java/JavaVirtualMachines/jdk1.8.0_271.jdk/Contents/Home/jre/lib/libosxapp.dylib
0x00007fff3612a000 	/System/Library/Frameworks/ExceptionHandling.framework/Versions/A/ExceptionHandling

VM Arguments:
jvm_args: -Xms1024m -Xmx3000m -Djava.awt.headless=true -Djava.library.path=/Users/huangyoulin/Documents/GitHub/LMEGE2.0/lib/natives -Dfile.encoding=UTF-8 
java_command: game.Main
java_class_path (initial): /Users/huangyoulin/Documents/GitHub/LMEGE2.0/bin:/Users/huangyoulin/Documents/GitHub/LMEGE2.0/lib/jars/joml-1.10.2.jar:/Users/huangyoulin/Documents/GitHub/LMEGE2.0/lib/jars/lwjgl_util.jar:/Users/huangyoulin/Documents/GitHub/LMEGE2.0/lib/jars/lwjgl.jar:/Users/huangyoulin/Documents/GitHub/LMEGE2.0/lib/jars/lwjgl-glfw.jar:/Users/huangyoulin/Documents/GitHub/LMEGE2.0/lib/jars/lwjgl-glfw-javadoc.jar:/Users/huangyoulin/Documents/GitHub/LMEGE2.0/lib/jars/lwjgl-openal.jar:/Users/huangyoulin/Documents/GitHub/LMEGE2.0/lib/jars/lwjgl-openal-javadoc.jar:/Users/huangyoulin/Documents/GitHub/LMEGE2.0/lib/jars/lwjgl-opencl.jar:/Users/huangyoulin/Documents/GitHub/LMEGE2.0/lib/jars/lwjgl-opencl-javadoc.jar:/Users/huangyoulin/Documents/GitHub/LMEGE2.0/lib/jars/lwjgl-opengl.jar:/Users/huangyoulin/Documents/GitHub/LMEGE2.0/lib/jars/lwjgl-opengl-javadoc.jar:/Users/huangyoulin/Documents/GitHub/LMEGE2.0/lib/jars/lwjgl-stb.jar:/Users/huangyoulin/Documents/GitHub/LMEGE2.0/lib/jars/PNGDecoder.jar:/Users/huangyoulin/Documents/GitHub/LMEGE2.0/lib/jars/slick-util.jar:/Users/huangyoulin/Documents/GitHub/LMEGE2.0/lib/natives/lwjgl-glfw-natives-macos.jar:/Users/huangyoulin/Documents/GitHub/LMEGE2.0/lib/natives/lwjgl-natives-macos.jar:/Users/huangyoulin/Documents/GitHub/LMEGE2.0/lib/natives/lwjgl-openal-natives-macos.jar:/Users/huangyoulin/Documents/GitHub/LMEGE2.0/lib/natives/lwjgl-opengl-natives-macos.jar:/Users/huangyoulin/Documents/GitHub/LMEGE2.0/lib/natives/lwjgl-stb-natives-macos.jar:/Users/huangyoulin/Documents/GitHub/commons-io-2.11.0/commons-io-2.11.0.jar:/Users/huangyoulin/Documents/GitHub/LMEGE2.0/lib/jars/slick-util3.jar
Launcher Type: SUN_STANDARD

Environment Variables:
PATH=/usr/bin:/bin:/usr/sbin:/sbin
SHELL=/bin/zsh
DISPLAY=/private/tmp/com.apple.launchd.mrwlKTtAYH/org.xquartz:0

Signal Handlers:
SIGSEGV: [libjvm.dylib+0x5a0dcb], sa_mask[0]=11111111011111110111111111111111, sa_flags=SA_ONSTACK|SA_RESTART|SA_SIGINFO
SIGBUS: [libjvm.dylib+0x5a0dcb], sa_mask[0]=11111111011111110111111111111111, sa_flags=SA_RESTART|SA_SIGINFO
SIGFPE: [libjvm.dylib+0x491731], sa_mask[0]=11111111011111110111111111111111, sa_flags=SA_RESTART|SA_SIGINFO
SIGPIPE: [libjvm.dylib+0x491731], sa_mask[0]=11111111011111110111111111111111, sa_flags=SA_RESTART|SA_SIGINFO
SIGXFSZ: [libjvm.dylib+0x491731], sa_mask[0]=11111111011111110111111111111111, sa_flags=SA_RESTART|SA_SIGINFO
SIGILL: [libjvm.dylib+0x491731], sa_mask[0]=11111111011111110111111111111111, sa_flags=SA_RESTART|SA_SIGINFO
SIGUSR1: SIG_DFL, sa_mask[0]=00000000000000000000000000000000, sa_flags=none
SIGUSR2: [libjvm.dylib+0x49202a], sa_mask[0]=00100000000000000000000000000000, sa_flags=SA_RESTART|SA_SIGINFO
SIGHUP: [libjvm.dylib+0x490239], sa_mask[0]=11111111011111110111111111111111, sa_flags=SA_RESTART|SA_SIGINFO
SIGINT: [libjvm.dylib+0x490239], sa_mask[0]=11111111011111110111111111111111, sa_flags=SA_RESTART|SA_SIGINFO
SIGTERM: [libjvm.dylib+0x490239], sa_mask[0]=11111111011111110111111111111111, sa_flags=SA_RESTART|SA_SIGINFO
SIGQUIT: [libjvm.dylib+0x490239], sa_mask[0]=11111111011111110111111111111111, sa_flags=SA_RESTART|SA_SIGINFO


---------------  S Y S T E M  ---------------

OS:Bsduname:Darwin 19.6.0 Darwin Kernel Version 19.6.0: Mon Aug 31 22:12:52 PDT 2020; root:xnu-6153.141.2~1/RELEASE_X86_64 x86_64
rlimit: STACK 8192k, CORE 0k, NPROC 2784, NOFILE 10240, AS infinity
load average:2.42 2.57 2.45

CPU:total 12 (initial active 12) (6 cores per cpu, 2 threads per core) family 6 model 158 stepping 10, cmov, cx8, fxsr, mmx, sse, sse2, sse3, ssse3, sse4.1, sse4.2, popcnt, avx, avx2, aes, clmul, erms, 3dnowpref, lzcnt, ht, tsc, tscinvbit, bmi1, bmi2, adx

Memory: 4k page, physical 16777216k(1964092k free)

/proc/meminfo:


vm_info: Java HotSpot(TM) 64-Bit Server VM (25.271-b09) for bsd-amd64 JRE (1.8.0_271-b09), built on Sep 16 2020 16:54:38 by "java_re" with gcc 4.2.1 Compatible Apple LLVM 10.0.0 (clang-1000.11.45.5)

time: Mon Sep 19 21:14:57 2022
timezone: EDT
elapsed time: 11.855623 seconds (0d 0h 0m 11s)

