#
# A fatal error has been detected by the Java Runtime Environment:
#
#  SIGSEGV (0xb) at pc=0x00007fff3db428a8, pid=92735, tid=0x0000000000015107
#
# JRE version: Java(TM) SE Runtime Environment (8.0_271-b09) (build 1.8.0_271-b09)
# Java VM: Java HotSpot(TM) 64-Bit Server VM (25.271-b09 mixed mode bsd-amd64 compressed oops)
# Problematic frame:
# C  [libGLImage.dylib+0x2e8a8]  storeVecDepth+0x2f8
#
# Failed to write core dump. Core dumps have been disabled. To enable core dumping, try "ulimit -c unlimited" before starting Java again
#
# If you would like to submit a bug report, please visit:
#   http://bugreport.java.com/bugreport/crash.jsp
#

---------------  T H R E A D  ---------------

Current thread is native thread

siginfo: si_signo: 11 (SIGSEGV), si_code: 1 (SEGV_MAPERR), si_addr: 0x00000000000094c0

Registers:
RAX=0x00000000000094c0, RBX=0x000000000000001a, RCX=0x000070001146ad10, RDX=0xa100dd3d00000000
RSP=0x000070001146ab70, RBP=0x000070001146ab70, RSI=0x0000000000000000, RDI=0x00007fff3db425d0
R8 =0x000070001146ad50, R9 =0x000000000000001c, R10=0x000000000000000d, R11=0x0000000000000246
R12=0xa100dd3d00000000, R13=0x0000000000000154, R14=0x000070001146ad50, R15=0x000000000000000f
RIP=0x00007fff3db428a8, EFLAGS=0x0000000000010296, ERR=0x0000000000000006
  TRAPNO=0x000000000000000e

Top of Stack: (sp=0x000070001146ab70)
0x000070001146ab70:   000070001146adc0 00007fff3db43c06
0x000070001146ab80:   0000000000000000 0000000000000000
0x000070001146ab90:   437f0000437f0000 437f0000437f0000
0x000070001146aba0:   00007fff943fa400 0000000000000000
0x000070001146abb0:   0000000000000000 0000000000000000
0x000070001146abc0:   0000000000000000 0000000000000000
0x000070001146abd0:   0000000000000000 0000000000000000
0x000070001146abe0:   0000000000000000 0000000000000000
0x000070001146abf0:   3380000133800001 3380000133800001
0x000070001146ac00:   0000000000000000 000000000000000f
0x000070001146ac10:   0000000000000000 0000000000000600
0x000070001146ac20:   00007f9fa1b73040 a100dd3d00000000
0x000070001146ac30:   000070001146add8 00000000000094c0
0x000070001146ac40:   0000000000000000 0000000000000000
0x000070001146ac50:   0000000000000000 0000000000000000
0x000070001146ac60:   0000000000000000 0000000000000000
0x000070001146ac70:   0000000000000000 0000000000000000
0x000070001146ac80:   0000000000000000 0000000400000000
0x000070001146ac90:   000000000000000d 0000000000000154
0x000070001146aca0:   0000000000000000 0000000000000000
0x000070001146acb0:   0000000000000000 0000000000000000
0x000070001146acc0:   0000000000000000 0000000000000000
0x000070001146acd0:   0000000000000000 00007f9fa1b73000
0x000070001146ace0:   0000000033800001 0000000000000000
0x000070001146acf0:   00000000437f0000 0000000000000000
0x000070001146ad00:   0000000000000000 0000000000000000
0x000070001146ad10:   00000000000094c0 000000000000001a
0x000070001146ad20:   0000000000000000 00000154943fa400
0x000070001146ad30:   0000000000000000 0000001c00000000
0x000070001146ad40:   0000000000000004 0100000000000000
0x000070001146ad50:   000000fe000000fe 000000fe000000fe
0x000070001146ad60:   000000fe000000fe 000000fe000000fe 

Instructions: (pc=0x00007fff3db428a8)
0x00007fff3db42888:   66 0f 6b cb 66 0f 63 c1 48 0f ba e2 3b 73 0e 48
0x00007fff3db42898:   8b 01 66 0f 7f 00 b8 10 00 00 00 eb 20 48 8b 01
0x00007fff3db428a8:   66 0f d6 00 48 8b 01 48 8d 50 08 48 89 11 66 0f
0x00007fff3db428b8:   70 c0 4e 66 0f d6 40 08 b8 08 00 00 00 48 01 01 

Register to memory mapping:

RAX=0x00000000000094c0 is an unknown value
RBX=0x000000000000001a is an unknown value
RCX=0x000070001146ad10 is an unknown value
RDX=0xa100dd3d00000000 is an unknown value
RSP=0x000070001146ab70 is an unknown value
RBP=0x000070001146ab70 is an unknown value
RSI=0x0000000000000000 is an unknown value
RDI=0x00007fff3db425d0: storeVecDepth+0x20 in /System/Library/Frameworks/OpenGL.framework/Versions/A/Libraries/libGLImage.dylib at 0x00007fff3db14000
R8 =0x000070001146ad50 is an unknown value
R9 =0x000000000000001c is an unknown value
R10=0x000000000000000d is an unknown value
R11=0x0000000000000246 is an unknown value
R12=0xa100dd3d00000000 is an unknown value
R13=0x0000000000000154 is an unknown value
R14=0x000070001146ad50 is an unknown value
R15=0x000000000000000f is an unknown value


Stack: [0x00007000113eb000,0x000070001146b000],  sp=0x000070001146ab70,  free space=510k
Native frames: (J=compiled Java code, j=interpreted, Vv=VM code, C=native code)
C  [libGLImage.dylib+0x2e8a8]  storeVecDepth+0x2f8
C  [libGLImage.dylib+0x2fc06]  glgProcessDepth+0x4c6
C  [libGLImage.dylib+0x66a6]  __glgProcessPixelsWithProcessor_block_invoke+0x6e
C  [libdispatch.dylib+0x16c4]  _dispatch_call_block_and_release+0xc
C  [libdispatch.dylib+0x2658]  _dispatch_client_callout+0x8
C  [libdispatch.dylib+0x4890]  _dispatch_continuation_pop+0x216
C  [libdispatch.dylib+0x3f16]  _dispatch_async_redirect_invoke+0x2bf
C  [libdispatch.dylib+0x10957]  _dispatch_root_queue_drain+0x146
C  [libdispatch.dylib+0x11097]  _dispatch_worker_thread2+0x5c
C  [libsystem_pthread.dylib+0x29f7]  _pthread_wqthread+0xdc
C  [libsystem_pthread.dylib+0x1b77]  start_wqthread+0xf


---------------  P R O C E S S  ---------------

VM state:not at safepoint (normal execution)

VM Mutex/Monitor currently owned by a thread: None

heap address: 0x0000000704800000, size: 3000 MB, Compressed Oops mode: Zero based, Oop shift amount: 3
Narrow klass base: 0x0000000000000000, Narrow klass shift: 3
Compressed class space size: 1073741824 Address: 0x00000007c0000000

Heap:
 PSYoungGen      total 305664K, used 59062K [0x0000000781800000, 0x0000000796d00000, 0x00000007c0000000)
  eden space 262144K, 22% used [0x0000000781800000,0x00000007851ad860,0x0000000791800000)
  from space 43520K, 0% used [0x0000000794280000,0x0000000794280000,0x0000000796d00000)
  to   space 43520K, 0% used [0x0000000791800000,0x0000000791800000,0x0000000794280000)
 ParOldGen       total 699392K, used 1707K [0x0000000704800000, 0x000000072f300000, 0x0000000781800000)
  object space 699392K, 0% used [0x0000000704800000,0x00000007049aadc8,0x000000072f300000)
 Metaspace       used 12117K, capacity 12365K, committed 12800K, reserved 1060864K
  class space    used 1036K, capacity 1153K, committed 1280K, reserved 1048576K

Card table byte_map: [0x00000001085ce000,0x0000000108bab000] byte_map_base: 0x0000000104daa000

Marking Bits: (ParMarkBitMap*) 0x0000000107b29768
 Begin Bits: [0x0000000108f93000, 0x000000010be73000)
 End Bits:   [0x000000010be73000, 0x000000010ed53000)

Polling page: 0x0000000105a75000

CodeCache: size=245760Kb used=3907Kb max_used=3913Kb free=241852Kb
 bounds [0x00000001140b8000, 0x0000000114498000, 0x00000001230b8000]
 total_blobs=1964 nmethods=979 adapters=899
 compilation: enabled

Compilation events (10 events):
Event: 12.309 Thread 0x00007fa02a822800 nmethod 975 0x0000000114482050 code [0x00000001144821c0, 0x00000001144823e8]
Event: 12.310 Thread 0x00007fa02a822800  976   !   3       java.net.URLClassLoader::definePackageInternal (81 bytes)
Event: 12.311 Thread 0x00007fa02a822800 nmethod 976 0x00000001144839d0 code [0x0000000114483c00, 0x0000000114484758]
Event: 12.311 Thread 0x00007fa02a822800  979       3       java.security.CodeSource::getCertificates (98 bytes)
Event: 12.312 Thread 0x00007fa02a822800 nmethod 979 0x0000000114487c10 code [0x0000000114487e40, 0x0000000114488b78]
Event: 12.312 Thread 0x00007fa02a822800  977       3       java.net.URLClassLoader::getAndVerifyPackage (109 bytes)
Event: 12.312 Thread 0x00007fa02a81f800 nmethod 934 0x0000000114488f90 code [0x0000000114489300, 0x000000011448ab90]
Event: 12.313 Thread 0x00007fa02a822800 nmethod 977 0x0000000114485750 code [0x0000000114485a40, 0x00000001144871a8]
Event: 12.313 Thread 0x00007fa02a822800  978       3       java.security.CodeSource::<init> (40 bytes)
Event: 12.313 Thread 0x00007fa02a822800 nmethod 978 0x0000000114485010 code [0x00000001144851a0, 0x0000000114485608]

GC Heap History (10 events):
Event: 7.592 GC heap before
{Heap before GC invocations=8 (full 4):
 PSYoungGen      total 305664K, used 320K [0x0000000781800000, 0x0000000796d00000, 0x00000007c0000000)
  eden space 262144K, 0% used [0x0000000781800000,0x0000000781800000,0x0000000791800000)
  from space 43520K, 0% used [0x0000000794280000,0x00000007942d0000,0x0000000796d00000)
  to   space 43520K, 0% used [0x0000000791800000,0x0000000791800000,0x0000000794280000)
 ParOldGen       total 699392K, used 1735K [0x0000000704800000, 0x000000072f300000, 0x0000000781800000)
  object space 699392K, 0% used [0x0000000704800000,0x00000007049b1c50,0x000000072f300000)
 Metaspace       used 8303K, capacity 8513K, committed 8832K, reserved 1056768K
  class space    used 718K, capacity 809K, committed 896K, reserved 1048576K
Event: 7.598 GC heap after
Heap after GC invocations=8 (full 4):
 PSYoungGen      total 305664K, used 0K [0x0000000781800000, 0x0000000796d00000, 0x00000007c0000000)
  eden space 262144K, 0% used [0x0000000781800000,0x0000000781800000,0x0000000791800000)
  from space 43520K, 0% used [0x0000000794280000,0x0000000794280000,0x0000000796d00000)
  to   space 43520K, 0% used [0x0000000791800000,0x0000000791800000,0x0000000794280000)
 ParOldGen       total 699392K, used 1720K [0x0000000704800000, 0x000000072f300000, 0x0000000781800000)
  object space 699392K, 0% used [0x0000000704800000,0x00000007049ae140,0x000000072f300000)
 Metaspace       used 8303K, capacity 8513K, committed 8832K, reserved 1056768K
  class space    used 718K, capacity 809K, committed 896K, reserved 1048576K
}
Event: 9.298 GC heap before
{Heap before GC invocations=9 (full 4):
 PSYoungGen      total 305664K, used 5242K [0x0000000781800000, 0x0000000796d00000, 0x00000007c0000000)
  eden space 262144K, 2% used [0x0000000781800000,0x0000000781d1eba0,0x0000000791800000)
  from space 43520K, 0% used [0x0000000794280000,0x0000000794280000,0x0000000796d00000)
  to   space 43520K, 0% used [0x0000000791800000,0x0000000791800000,0x0000000794280000)
 ParOldGen       total 699392K, used 1720K [0x0000000704800000, 0x000000072f300000, 0x0000000781800000)
  object space 699392K, 0% used [0x0000000704800000,0x00000007049ae140,0x000000072f300000)
 Metaspace       used 8303K, capacity 8513K, committed 8832K, reserved 1056768K
  class space    used 718K, capacity 809K, committed 896K, reserved 1048576K
Event: 9.299 GC heap after
Heap after GC invocations=9 (full 4):
 PSYoungGen      total 305664K, used 288K [0x0000000781800000, 0x0000000796d00000, 0x00000007c0000000)
  eden space 262144K, 0% used [0x0000000781800000,0x0000000781800000,0x0000000791800000)
  from space 43520K, 0% used [0x0000000791800000,0x0000000791848000,0x0000000794280000)
  to   space 43520K, 0% used [0x0000000794280000,0x0000000794280000,0x0000000796d00000)
 ParOldGen       total 699392K, used 1720K [0x0000000704800000, 0x000000072f300000, 0x0000000781800000)
  object space 699392K, 0% used [0x0000000704800000,0x00000007049ae140,0x000000072f300000)
 Metaspace       used 8303K, capacity 8513K, committed 8832K, reserved 1056768K
  class space    used 718K, capacity 809K, committed 896K, reserved 1048576K
}
Event: 9.299 GC heap before
{Heap before GC invocations=10 (full 5):
 PSYoungGen      total 305664K, used 288K [0x0000000781800000, 0x0000000796d00000, 0x00000007c0000000)
  eden space 262144K, 0% used [0x0000000781800000,0x0000000781800000,0x0000000791800000)
  from space 43520K, 0% used [0x0000000791800000,0x0000000791848000,0x0000000794280000)
  to   space 43520K, 0% used [0x0000000794280000,0x0000000794280000,0x0000000796d00000)
 ParOldGen       total 699392K, used 1720K [0x0000000704800000, 0x000000072f300000, 0x0000000781800000)
  object space 699392K, 0% used [0x0000000704800000,0x00000007049ae140,0x000000072f300000)
 Metaspace       used 8303K, capacity 8513K, committed 8832K, reserved 1056768K
  class space    used 718K, capacity 809K, committed 896K, reserved 1048576K
Event: 9.306 GC heap after
Heap after GC invocations=10 (full 5):
 PSYoungGen      total 305664K, used 0K [0x0000000781800000, 0x0000000796d00000, 0x00000007c0000000)
  eden space 262144K, 0% used [0x0000000781800000,0x0000000781800000,0x0000000791800000)
  from space 43520K, 0% used [0x0000000791800000,0x0000000791800000,0x0000000794280000)
  to   space 43520K, 0% used [0x0000000794280000,0x0000000794280000,0x0000000796d00000)
 ParOldGen       total 699392K, used 1712K [0x0000000704800000, 0x000000072f300000, 0x0000000781800000)
  object space 699392K, 0% used [0x0000000704800000,0x00000007049ac208,0x000000072f300000)
 Metaspace       used 8303K, capacity 8513K, committed 8832K, reserved 1056768K
  class space    used 718K, capacity 809K, committed 896K, reserved 1048576K
}
Event: 11.130 GC heap before
{Heap before GC invocations=11 (full 5):
 PSYoungGen      total 305664K, used 5242K [0x0000000781800000, 0x0000000796d00000, 0x00000007c0000000)
  eden space 262144K, 2% used [0x0000000781800000,0x0000000781d1eba0,0x0000000791800000)
  from space 43520K, 0% used [0x0000000791800000,0x0000000791800000,0x0000000794280000)
  to   space 43520K, 0% used [0x0000000794280000,0x0000000794280000,0x0000000796d00000)
 ParOldGen       total 699392K, used 1712K [0x0000000704800000, 0x000000072f300000, 0x0000000781800000)
  object space 699392K, 0% used [0x0000000704800000,0x00000007049ac208,0x000000072f300000)
 Metaspace       used 8303K, capacity 8513K, committed 8832K, reserved 1056768K
  class space    used 718K, capacity 809K, committed 896K, reserved 1048576K
Event: 11.131 GC heap after
Heap after GC invocations=11 (full 5):
 PSYoungGen      total 305664K, used 288K [0x0000000781800000, 0x0000000796d00000, 0x00000007c0000000)
  eden space 262144K, 0% used [0x0000000781800000,0x0000000781800000,0x0000000791800000)
  from space 43520K, 0% used [0x0000000794280000,0x00000007942c8000,0x0000000796d00000)
  to   space 43520K, 0% used [0x0000000791800000,0x0000000791800000,0x0000000794280000)
 ParOldGen       total 699392K, used 1712K [0x0000000704800000, 0x000000072f300000, 0x0000000781800000)
  object space 699392K, 0% used [0x0000000704800000,0x00000007049ac208,0x000000072f300000)
 Metaspace       used 8303K, capacity 8513K, committed 8832K, reserved 1056768K
  class space    used 718K, capacity 809K, committed 896K, reserved 1048576K
}
Event: 11.131 GC heap before
{Heap before GC invocations=12 (full 6):
 PSYoungGen      total 305664K, used 288K [0x0000000781800000, 0x0000000796d00000, 0x00000007c0000000)
  eden space 262144K, 0% used [0x0000000781800000,0x0000000781800000,0x0000000791800000)
  from space 43520K, 0% used [0x0000000794280000,0x00000007942c8000,0x0000000796d00000)
  to   space 43520K, 0% used [0x0000000791800000,0x0000000791800000,0x0000000794280000)
 ParOldGen       total 699392K, used 1712K [0x0000000704800000, 0x000000072f300000, 0x0000000781800000)
  object space 699392K, 0% used [0x0000000704800000,0x00000007049ac208,0x000000072f300000)
 Metaspace       used 8303K, capacity 8513K, committed 8832K, reserved 1056768K
  class space    used 718K, capacity 809K, committed 896K, reserved 1048576K
Event: 11.136 GC heap after
Heap after GC invocations=12 (full 6):
 PSYoungGen      total 305664K, used 0K [0x0000000781800000, 0x0000000796d00000, 0x00000007c0000000)
  eden space 262144K, 0% used [0x0000000781800000,0x0000000781800000,0x0000000791800000)
  from space 43520K, 0% used [0x0000000794280000,0x0000000794280000,0x0000000796d00000)
  to   space 43520K, 0% used [0x0000000791800000,0x0000000791800000,0x0000000794280000)
 ParOldGen       total 699392K, used 1707K [0x0000000704800000, 0x000000072f300000, 0x0000000781800000)
  object space 699392K, 0% used [0x0000000704800000,0x00000007049aadc8,0x000000072f300000)
 Metaspace       used 8303K, capacity 8513K, committed 8832K, reserved 1056768K
  class space    used 718K, capacity 809K, committed 896K, reserved 1048576K
}

Deoptimization events (10 events):
Event: 2.966 Thread 0x00007fa02c80f000 Uncommon trap: reason=class_check action=maybe_recompile pc=0x00000001143ca60c method=java.lang.ref.Reference.tryHandlePending(Z)Z @ 17
Event: 11.627 Thread 0x00007fa02c009000 Uncommon trap: reason=unstable_if action=reinterpret pc=0x00000001142594ec method=java.lang.String.indexOf([CII[CIII)I @ 3
Event: 11.627 Thread 0x00007fa02c009000 Uncommon trap: reason=class_check action=maybe_recompile pc=0x00000001143ad198 method=java.util.Arrays.copyOf([Ljava/lang/Object;ILjava/lang/Class;)[Ljava/lang/Object; @ 24
Event: 11.629 Thread 0x00007fa02c009000 Uncommon trap: reason=class_check action=maybe_recompile pc=0x00000001143ad198 method=java.util.Arrays.copyOf([Ljava/lang/Object;ILjava/lang/Class;)[Ljava/lang/Object; @ 24
Event: 11.629 Thread 0x00007fa02c009000 Uncommon trap: reason=class_check action=maybe_recompile pc=0x00000001143ad198 method=java.util.Arrays.copyOf([Ljava/lang/Object;ILjava/lang/Class;)[Ljava/lang/Object; @ 24
Event: 11.629 Thread 0x00007fa02c009000 Uncommon trap: reason=class_check action=maybe_recompile pc=0x00000001143ad198 method=java.util.Arrays.copyOf([Ljava/lang/Object;ILjava/lang/Class;)[Ljava/lang/Object; @ 24
Event: 11.675 Thread 0x00007fa02c009000 Uncommon trap: reason=unstable_if action=reinterpret pc=0x0000000114410c8c method=terrain.MappedTerrain.calculateNormal(III)Lorg/joml/Vector3f; @ 62
Event: 12.225 Thread 0x00007fa02c009000 Uncommon trap: reason=unstable_if action=reinterpret pc=0x00000001143afae4 method=sun.misc.FloatingDecimal.readJavaFormatString(Ljava/lang/String;)Lsun/misc/FloatingDecimal$ASCIIToBinaryConverter; @ 445
Event: 12.225 Thread 0x00007fa02c009000 Uncommon trap: reason=unstable_if action=reinterpret pc=0x000000011438b35c method=sun.misc.FloatingDecimal$ASCIIToBinaryBuffer.floatValue()F @ 95
Event: 12.233 Thread 0x00007fa02c009000 Uncommon trap: reason=unstable_if action=reinterpret pc=0x00000001143bfeb0 method=java.lang.String.split(Ljava/lang/String;I)[Ljava/lang/String; @ 8

Classes redefined (0 events):
No events

Internal exceptions (10 events):
Event: 0.185 Thread 0x00007fa02c009000 Exception <a 'java/security/PrivilegedActionException'> (0x0000000781b901f8) thrown at [/jenkins/workspace/8-2-build-macosx-x86_64/jdk8u271/605/hotspot/src/share/vm/prims/jvm.cpp, line 1512]
Event: 0.185 Thread 0x00007fa02c009000 Exception <a 'java/security/PrivilegedActionException'> (0x0000000781b93528) thrown at [/jenkins/workspace/8-2-build-macosx-x86_64/jdk8u271/605/hotspot/src/share/vm/prims/jvm.cpp, line 1512]
Event: 0.185 Thread 0x00007fa02c009000 Exception <a 'java/security/PrivilegedActionException'> (0x0000000781b93738) thrown at [/jenkins/workspace/8-2-build-macosx-x86_64/jdk8u271/605/hotspot/src/share/vm/prims/jvm.cpp, line 1512]
Event: 0.205 Thread 0x00007fa02c009000 Exception <a 'sun/nio/fs/UnixException'> (0x0000000781bff138) thrown at [/jenkins/workspace/8-2-build-macosx-x86_64/jdk8u271/605/hotspot/src/share/vm/prims/jni.cpp, line 710]
Event: 0.220 Thread 0x00007fa02c009000 Exception <a 'sun/nio/fs/UnixException'> (0x0000000781c4c0d0) thrown at [/jenkins/workspace/8-2-build-macosx-x86_64/jdk8u271/605/hotspot/src/share/vm/prims/jni.cpp, line 710]
Event: 0.292 Thread 0x00007fa02c009000 Exception <a 'sun/nio/fs/UnixException'> (0x0000000782263e00) thrown at [/jenkins/workspace/8-2-build-macosx-x86_64/jdk8u271/605/hotspot/src/share/vm/prims/jni.cpp, line 710]
Event: 0.427 Thread 0x00007fa02c009000 Exception <a 'sun/nio/fs/UnixException'> (0x00000007822a8598) thrown at [/jenkins/workspace/8-2-build-macosx-x86_64/jdk8u271/605/hotspot/src/share/vm/prims/jni.cpp, line 710]
Event: 0.931 Thread 0x00007fa02c009000 Exception <a 'sun/nio/fs/UnixException'> (0x000000078272f688) thrown at [/jenkins/workspace/8-2-build-macosx-x86_64/jdk8u271/605/hotspot/src/share/vm/prims/jni.cpp, line 710]
Event: 11.614 Thread 0x00007fa02c009000 Exception <a 'java/io/FileNotFoundException'> (0x0000000781b593e8) thrown at [/jenkins/workspace/8-2-build-macosx-x86_64/jdk8u271/605/hotspot/src/share/vm/prims/jni.cpp, line 710]
Event: 11.614 Thread 0x00007fa02c009000 Exception <a 'java/io/FileNotFoundException'> (0x0000000781b59f78) thrown at [/jenkins/workspace/8-2-build-macosx-x86_64/jdk8u271/605/hotspot/src/share/vm/prims/jni.cpp, line 710]

Events (10 events):
Event: 12.309 loading class renderer/RendererSettings$Enabled$1
Event: 12.309 loading class renderer/RendererSettings$Enabled$1 done
Event: 12.310 loading class shadows/ShadowRenderer$1
Event: 12.310 loading class shadows/ShadowRenderer$1 done
Event: 12.311 loading class entity/EntityRenderer$2
Event: 12.311 loading class entity/EntityRenderer$2 done
Event: 12.318 loading class actors/InputReceiver
Event: 12.318 loading class actors/InputReceiver done
Event: 12.319 loading class actors/Exoskeleton
Event: 12.319 loading class actors/Exoskeleton done


Dynamic libraries:
0x00007fff32d30000 	/System/Library/Frameworks/Cocoa.framework/Versions/A/Cocoa
0x00007fff40527000 	/System/Library/Frameworks/Security.framework/Versions/A/Security
0x00007fff31c95000 	/System/Library/Frameworks/ApplicationServices.framework/Versions/A/ApplicationServices
0x00007fff6d04b000 	/usr/lib/libz.1.dylib
0x00007fff6ab0f000 	/usr/lib/libSystem.B.dylib
0x00007fff33bd2000 	/System/Library/Frameworks/CoreFoundation.framework/Versions/A/CoreFoundation
0x00007fff3628f000 	/System/Library/Frameworks/Foundation.framework/Versions/C/Foundation
0x00007fff6c96f000 	/usr/lib/libobjc.A.dylib
0x00007fff30e85000 	/System/Library/Frameworks/AppKit.framework/Versions/C/AppKit
0x00007fff336b4000 	/System/Library/Frameworks/CoreData.framework/Versions/A/CoreData
0x00007fff64b24000 	/System/Library/PrivateFrameworks/UIFoundation.framework/Versions/A/UIFoundation
0x00007fff5fbb8000 	/System/Library/PrivateFrameworks/RemoteViewServices.framework/Versions/A/RemoteViewServices
0x00007fff6767f000 	/System/Library/PrivateFrameworks/XCTTargetBootstrap.framework/Versions/A/XCTTargetBootstrap
0x00007fff33a9f000 	/System/Library/Frameworks/CoreDisplay.framework/Versions/A/CoreDisplay
0x00007fff3914a000 	/System/Library/Frameworks/Metal.framework/Versions/A/Metal
0x00007fff4dbbb000 	/System/Library/PrivateFrameworks/DesktopServicesPriv.framework/Versions/A/DesktopServicesPriv
0x00007fff6bc4a000 	/usr/lib/liblangid.dylib
0x00007fff4ce50000 	/System/Library/PrivateFrameworks/CoreSVG.framework/Versions/A/CoreSVG
0x00007fff62d14000 	/System/Library/PrivateFrameworks/SkyLight.framework/Versions/A/SkyLight
0x00007fff34053000 	/System/Library/Frameworks/CoreGraphics.framework/Versions/A/CoreGraphics
0x00007fff2f859000 	/System/Library/Frameworks/Accelerate.framework/Versions/A/Accelerate
0x00007fff6cf3c000 	/usr/lib/libxml2.2.dylib
0x00007fff58b43000 	/System/Library/PrivateFrameworks/IconServices.framework/Versions/A/IconServices
0x00007fff36a6e000 	/System/Library/Frameworks/IOSurface.framework/Versions/A/IOSurface
0x00007fff6a639000 	/usr/lib/libDiagnosticMessagesClient.dylib
0x00007fff4da15000 	/System/Library/PrivateFrameworks/DFRFoundation.framework/Versions/A/DFRFoundation
0x00007fff6b9d9000 	/usr/lib/libicucore.A.dylib
0x00007fff31fc7000 	/System/Library/Frameworks/AudioToolbox.framework/Versions/A/AudioToolbox
0x00007fff320aa000 	/System/Library/Frameworks/AudioUnit.framework/Versions/A/AudioUnit
0x00007fff6ad11000 	/usr/lib/libauto.dylib
0x00007fff4dab7000 	/System/Library/PrivateFrameworks/DataDetectorsCore.framework/Versions/A/DataDetectorsCore
0x00007fff32851000 	/System/Library/Frameworks/Carbon.framework/Versions/A/Frameworks/HIToolbox.framework/Versions/A/HIToolbox
0x00007fff3f723000 	/System/Library/Frameworks/QuartzCore.framework/Versions/A/QuartzCore
0x00007fff32b90000 	/System/Library/Frameworks/Carbon.framework/Versions/A/Frameworks/SpeechRecognition.framework/Versions/A/SpeechRecognition
0x00007fff4d529000 	/System/Library/PrivateFrameworks/CoreUI.framework/Versions/A/CoreUI
0x00007fff3311f000 	/System/Library/Frameworks/CoreAudio.framework/Versions/A/CoreAudio
0x00007fff35f4e000 	/System/Library/Frameworks/DiskArbitration.framework/Versions/A/DiskArbitration
0x00007fff5ab93000 	/System/Library/PrivateFrameworks/MultitouchSupport.framework/Versions/A/MultitouchSupport
0x00007fff6b8a0000 	/usr/lib/libenergytrace.dylib
0x00007fff369c8000 	/System/Library/Frameworks/IOKit.framework/Versions/A/IOKit
0x00007fff34fba000 	/System/Library/Frameworks/CoreServices.framework/Versions/A/CoreServices
0x00007fff5cd4b000 	/System/Library/PrivateFrameworks/PerformanceAnalysis.framework/Versions/A/PerformanceAnalysis
0x00007fff3e756000 	/System/Library/Frameworks/OpenGL.framework/Versions/A/OpenGL
0x00007fff32d3e000 	/System/Library/Frameworks/ColorSync.framework/Versions/A/ColorSync
0x00007fff346d6000 	/System/Library/Frameworks/CoreImage.framework/Versions/A/CoreImage
0x00007fff35a2d000 	/System/Library/Frameworks/CoreText.framework/Versions/A/CoreText
0x00007fff36afe000 	/System/Library/Frameworks/ImageIO.framework/Versions/A/ImageIO
0x00007fff6adf5000 	/usr/lib/libc++.1.dylib
0x00007fff6ae71000 	/usr/lib/libcompression.dylib
0x00007fff6a97d000 	/usr/lib/libMobileGestalt.dylib
0x00007fff6488e000 	/System/Library/PrivateFrameworks/TextureIO.framework/Versions/A/TextureIO
0x00007fff6ac74000 	/usr/lib/libate.dylib
0x00007fff58d4c000 	/System/Library/PrivateFrameworks/InternationalSupport.framework/Versions/A/InternationalSupport
0x00007fff6d90c000 	/usr/lib/system/libcache.dylib
0x00007fff6d912000 	/usr/lib/system/libcommonCrypto.dylib
0x00007fff6d91e000 	/usr/lib/system/libcompiler_rt.dylib
0x00007fff6d926000 	/usr/lib/system/libcopyfile.dylib
0x00007fff6d930000 	/usr/lib/system/libcorecrypto.dylib
0x00007fff6dacf000 	/usr/lib/system/libdispatch.dylib
0x00007fff6db10000 	/usr/lib/system/libdyld.dylib
0x00007fff6db47000 	/usr/lib/system/libkeymgr.dylib
0x00007fff6db55000 	/usr/lib/system/liblaunch.dylib
0x00007fff6db56000 	/usr/lib/system/libmacho.dylib
0x00007fff6db5c000 	/usr/lib/system/libquarantine.dylib
0x00007fff6db5f000 	/usr/lib/system/libremovefile.dylib
0x00007fff6db61000 	/usr/lib/system/libsystem_asl.dylib
0x00007fff6db79000 	/usr/lib/system/libsystem_blocks.dylib
0x00007fff6db7a000 	/usr/lib/system/libsystem_c.dylib
0x00007fff6dc02000 	/usr/lib/system/libsystem_configuration.dylib
0x00007fff6dc06000 	/usr/lib/system/libsystem_coreservices.dylib
0x00007fff6dc0a000 	/usr/lib/system/libsystem_darwin.dylib
0x00007fff6dc13000 	/usr/lib/system/libsystem_dnssd.dylib
0x00007fff6dc1b000 	/usr/lib/system/libsystem_featureflags.dylib
0x00007fff6dc1d000 	/usr/lib/system/libsystem_info.dylib
0x00007fff6dc98000 	/usr/lib/system/libsystem_m.dylib
0x00007fff6dce0000 	/usr/lib/system/libsystem_malloc.dylib
0x00007fff6dd08000 	/usr/lib/system/libsystem_networkextension.dylib
0x00007fff6dd16000 	/usr/lib/system/libsystem_notify.dylib
0x00007fff6dd34000 	/usr/lib/system/libsystem_sandbox.dylib
0x00007fff6dd39000 	/usr/lib/system/libsystem_secinit.dylib
0x00007fff6dc6b000 	/usr/lib/system/libsystem_kernel.dylib
0x00007fff6dd20000 	/usr/lib/system/libsystem_platform.dylib
0x00007fff6dd29000 	/usr/lib/system/libsystem_pthread.dylib
0x00007fff6dd3c000 	/usr/lib/system/libsystem_symptoms.dylib
0x00007fff6dd44000 	/usr/lib/system/libsystem_trace.dylib
0x00007fff6dd5c000 	/usr/lib/system/libunwind.dylib
0x00007fff6dd62000 	/usr/lib/system/libxpc.dylib
0x00007fff6ae48000 	/usr/lib/libc++abi.dylib
0x00007fff6bc4c000 	/usr/lib/liblzma.5.dylib
0x00007fff6b8c7000 	/usr/lib/libfakelink.dylib
0x00007fff6ac01000 	/usr/lib/libarchive.2.dylib
0x00007fff415d8000 	/System/Library/Frameworks/SystemConfiguration.framework/Versions/A/SystemConfiguration
0x00007fff6a56c000 	/usr/lib/libCRFSuite.dylib
0x00007fff32441000 	/System/Library/Frameworks/CFNetwork.framework/Versions/A/CFNetwork
0x00007fff6add7000 	/usr/lib/libbsm.0.dylib
0x00007fff6db48000 	/usr/lib/system/libkxld.dylib
0x00007fff47392000 	/System/Library/PrivateFrameworks/AppleFSCompression.framework/Versions/A/AppleFSCompression
0x00007fff6b162000 	/usr/lib/libcoretls.dylib
0x00007fff6b179000 	/usr/lib/libcoretls_cfhelpers.dylib
0x00007fff6c9b5000 	/usr/lib/libpam.2.dylib
0x00007fff6caea000 	/usr/lib/libsqlite3.dylib
0x00007fff6cf29000 	/usr/lib/libxar.1.dylib
0x00007fff6ade8000 	/usr/lib/libbz2.1.0.dylib
0x00007fff6b8e8000 	/usr/lib/libiconv.2.dylib
0x00007fff6ae5e000 	/usr/lib/libcharset.1.dylib
0x00007fff6c452000 	/usr/lib/libnetwork.dylib
0x00007fff6c9bc000 	/usr/lib/libpcap.A.dylib
0x00007fff6abb6000 	/usr/lib/libapple_nghttp2.dylib
0x00007fff35371000 	/System/Library/Frameworks/CoreServices.framework/Versions/A/Frameworks/FSEvents.framework/Versions/A/FSEvents
0x00007fff35041000 	/System/Library/Frameworks/CoreServices.framework/Versions/A/Frameworks/CarbonCore.framework/Versions/A/CarbonCore
0x00007fff355b5000 	/System/Library/Frameworks/CoreServices.framework/Versions/A/Frameworks/Metadata.framework/Versions/A/Metadata
0x00007fff3564e000 	/System/Library/Frameworks/CoreServices.framework/Versions/A/Frameworks/OSServices.framework/Versions/A/OSServices
0x00007fff3567c000 	/System/Library/Frameworks/CoreServices.framework/Versions/A/Frameworks/SearchKit.framework/Versions/A/SearchKit
0x00007fff34fbb000 	/System/Library/Frameworks/CoreServices.framework/Versions/A/Frameworks/AE.framework/Versions/A/AE
0x00007fff3537a000 	/System/Library/Frameworks/CoreServices.framework/Versions/A/Frameworks/LaunchServices.framework/Versions/A/LaunchServices
0x00007fff35323000 	/System/Library/Frameworks/CoreServices.framework/Versions/A/Frameworks/DictionaryServices.framework/Versions/A/DictionaryServices
0x00007fff356e4000 	/System/Library/Frameworks/CoreServices.framework/Versions/A/Frameworks/SharedFileList.framework/Versions/A/SharedFileList
0x00007fff3a575000 	/System/Library/Frameworks/NetFS.framework/Versions/A/NetFS
0x00007fff5b0c3000 	/System/Library/PrivateFrameworks/NetAuth.framework/Versions/A/NetAuth
0x00007fff67a4c000 	/System/Library/PrivateFrameworks/login.framework/Versions/A/Frameworks/loginsupport.framework/Versions/A/loginsupport
0x00007fff64359000 	/System/Library/PrivateFrameworks/TCC.framework/Versions/A/TCC
0x00007fff4bfc3000 	/System/Library/PrivateFrameworks/CoreNLP.framework/Versions/A/CoreNLP
0x00007fff5a5c0000 	/System/Library/PrivateFrameworks/MetadataUtilities.framework/Versions/A/MetadataUtilities
0x00007fff6bd24000 	/usr/lib/libmecabra.dylib
0x00007fff6bc7c000 	/usr/lib/libmecab.dylib
0x00007fff6b8d8000 	/usr/lib/libgermantok.dylib
0x00007fff6ab9d000 	/usr/lib/libThaiTokenizer.dylib
0x00007fff6a5a3000 	/usr/lib/libChineseTokenizer.dylib
0x00007fff2f871000 	/System/Library/Frameworks/Accelerate.framework/Versions/A/Frameworks/vImage.framework/Versions/A/vImage
0x00007fff30cdb000 	/System/Library/Frameworks/Accelerate.framework/Versions/A/Frameworks/vecLib.framework/Versions/A/vecLib
0x00007fff30c18000 	/System/Library/Frameworks/Accelerate.framework/Versions/A/Frameworks/vecLib.framework/Versions/A/libvMisc.dylib
0x00007fff30a40000 	/System/Library/Frameworks/Accelerate.framework/Versions/A/Frameworks/vecLib.framework/Versions/A/libvDSP.dylib
0x00007fff2fec8000 	/System/Library/Frameworks/Accelerate.framework/Versions/A/Frameworks/vecLib.framework/Versions/A/libBLAS.dylib
0x00007fff30604000 	/System/Library/Frameworks/Accelerate.framework/Versions/A/Frameworks/vecLib.framework/Versions/A/libLAPACK.dylib
0x00007fff309a0000 	/System/Library/Frameworks/Accelerate.framework/Versions/A/Frameworks/vecLib.framework/Versions/A/libLinearAlgebra.dylib
0x00007fff30a2d000 	/System/Library/Frameworks/Accelerate.framework/Versions/A/Frameworks/vecLib.framework/Versions/A/libSparseBLAS.dylib
0x00007fff309b6000 	/System/Library/Frameworks/Accelerate.framework/Versions/A/Frameworks/vecLib.framework/Versions/A/libQuadrature.dylib
0x00007fff30130000 	/System/Library/Frameworks/Accelerate.framework/Versions/A/Frameworks/vecLib.framework/Versions/A/libBNNS.dylib
0x00007fff309bc000 	/System/Library/Frameworks/Accelerate.framework/Versions/A/Frameworks/vecLib.framework/Versions/A/libSparse.dylib
0x00007fff59134000 	/System/Library/PrivateFrameworks/LanguageModeling.framework/Versions/A/LanguageModeling
0x00007fff4b973000 	/System/Library/PrivateFrameworks/CoreEmoji.framework/Versions/A/CoreEmoji
0x00007fff59252000 	/System/Library/PrivateFrameworks/LinguisticData.framework/Versions/A/LinguisticData
0x00007fff59203000 	/System/Library/PrivateFrameworks/Lexicon.framework/Versions/A/Lexicon
0x00007fff6ae5f000 	/usr/lib/libcmph.dylib
0x00007fff3d164000 	/System/Library/Frameworks/OpenDirectory.framework/Versions/A/Frameworks/CFOpenDirectory.framework/Versions/A/CFOpenDirectory
0x00007fff3d181000 	/System/Library/Frameworks/OpenDirectory.framework/Versions/A/OpenDirectory
0x00007fff455c2000 	/System/Library/PrivateFrameworks/APFS.framework/Versions/A/APFS
0x00007fff40871000 	/System/Library/Frameworks/SecurityFoundation.framework/Versions/A/SecurityFoundation
0x00007fff6cf25000 	/usr/lib/libutil.dylib
0x00007fff4cea8000 	/System/Library/PrivateFrameworks/CoreServicesStore.framework/Versions/A/CoreServicesStore
0x00007fff40928000 	/System/Library/Frameworks/ServiceManagement.framework/Versions/A/ServiceManagement
0x00007fff48b62000 	/System/Library/PrivateFrameworks/BackgroundTaskManagement.framework/Versions/A/BackgroundTaskManagement
0x00007fff6d022000 	/usr/lib/libxslt.1.dylib
0x00007fff47a05000 	/System/Library/PrivateFrameworks/AppleSystemInfo.framework/Versions/A/AppleSystemInfo
0x00007fff36d19000 	/System/Library/Frameworks/ImageIO.framework/Versions/A/Resources/libJPEG.dylib
0x00007fff36fd8000 	/System/Library/Frameworks/ImageIO.framework/Versions/A/Resources/libTIFF.dylib
0x00007fff36fbb000 	/System/Library/Frameworks/ImageIO.framework/Versions/A/Resources/libPng.dylib
0x00007fff36c5b000 	/System/Library/Frameworks/ImageIO.framework/Versions/A/Resources/libGIF.dylib
0x00007fff36c5f000 	/System/Library/Frameworks/ImageIO.framework/Versions/A/Resources/libJP2.dylib
0x00007fff36fd6000 	/System/Library/Frameworks/ImageIO.framework/Versions/A/Resources/libRadiance.dylib
0x00007fff6b8a1000 	/usr/lib/libexpat.1.dylib
0x00007fff474ed000 	/System/Library/PrivateFrameworks/AppleJPEG.framework/Versions/A/AppleJPEG
0x00007fff501a8000 	/System/Library/PrivateFrameworks/FontServices.framework/libFontParser.dylib
0x00007fff66a4e000 	/System/Library/PrivateFrameworks/WatchdogClient.framework/Versions/A/WatchdogClient
0x00007fff5878f000 	/System/Library/PrivateFrameworks/IOAccelerator.framework/Versions/A/IOAccelerator
0x00007fff394e5000 	/System/Library/Frameworks/MetalPerformanceShaders.framework/Versions/A/MetalPerformanceShaders
0x00007fff54f25000 	/System/Library/PrivateFrameworks/GPUWrangler.framework/Versions/A/GPUWrangler
0x00007fff587a4000 	/System/Library/PrivateFrameworks/IOPresentment.framework/Versions/A/IOPresentment
0x00007fff4da28000 	/System/Library/PrivateFrameworks/DSExternalDisplay.framework/Versions/A/DSExternalDisplay
0x00007fff3daf5000 	/System/Library/Frameworks/OpenGL.framework/Versions/A/Libraries/libCoreFSCache.dylib
0x00007fff39231000 	/System/Library/Frameworks/MetalPerformanceShaders.framework/Frameworks/MPSCore.framework/Versions/A/MPSCore
0x00007fff3926f000 	/System/Library/Frameworks/MetalPerformanceShaders.framework/Frameworks/MPSImage.framework/Versions/A/MPSImage
0x00007fff39336000 	/System/Library/Frameworks/MetalPerformanceShaders.framework/Frameworks/MPSNeuralNetwork.framework/Versions/A/MPSNeuralNetwork
0x00007fff392fa000 	/System/Library/Frameworks/MetalPerformanceShaders.framework/Frameworks/MPSMatrix.framework/Versions/A/MPSMatrix
0x00007fff39495000 	/System/Library/Frameworks/MetalPerformanceShaders.framework/Frameworks/MPSRayIntersector.framework/Versions/A/MPSRayIntersector
0x00007fff39320000 	/System/Library/Frameworks/MetalPerformanceShaders.framework/Frameworks/MPSNDArray.framework/Versions/A/MPSNDArray
0x00007fff5a60d000 	/System/Library/PrivateFrameworks/MetalTools.framework/Versions/A/MetalTools
0x00007fff4679c000 	/System/Library/PrivateFrameworks/AggregateDictionary.framework/Versions/A/AggregateDictionary
0x00007fff4b3bb000 	/System/Library/PrivateFrameworks/CoreAnalytics.framework/Versions/A/CoreAnalytics
0x00007fff47924000 	/System/Library/PrivateFrameworks/AppleSauce.framework/Versions/A/AppleSauce
0x00007fff6a85f000 	/usr/lib/libIOReport.dylib
0x00007fff35be5000 	/System/Library/Frameworks/CoreVideo.framework/Versions/A/CoreVideo
0x00007fff5639e000 	/System/Library/PrivateFrameworks/GraphVisualizer.framework/Versions/A/GraphVisualizer
0x00007fff4f6ee000 	/System/Library/PrivateFrameworks/FaceCore.framework/Versions/A/FaceCore
0x00007fff3d10b000 	/System/Library/Frameworks/OpenCL.framework/Versions/A/OpenCL
0x00007fff6a681000 	/usr/lib/libFosl_dynamic.dylib
0x00007fff5bae3000 	/System/Library/PrivateFrameworks/OTSVG.framework/Versions/A/OTSVG
0x00007fff31d9a000 	/System/Library/Frameworks/ApplicationServices.framework/Versions/A/Frameworks/ATS.framework/Versions/A/Resources/libFontRegistry.dylib
0x00007fff50379000 	/System/Library/PrivateFrameworks/FontServices.framework/libhvf.dylib
0x00007fff3db00000 	/System/Library/Frameworks/OpenGL.framework/Versions/A/Libraries/libGFXShared.dylib
0x00007fff3dcde000 	/System/Library/Frameworks/OpenGL.framework/Versions/A/Libraries/libGLU.dylib
0x00007fff3db09000 	/System/Library/Frameworks/OpenGL.framework/Versions/A/Libraries/libGL.dylib
0x00007fff3db14000 	/System/Library/Frameworks/OpenGL.framework/Versions/A/Libraries/libGLImage.dylib
0x00007fff3daf2000 	/System/Library/Frameworks/OpenGL.framework/Versions/A/Libraries/libCVMSPluginSupport.dylib
0x00007fff3dafb000 	/System/Library/Frameworks/OpenGL.framework/Versions/A/Libraries/libCoreVMClient.dylib
0x00007fff6c2f3000 	/usr/lib/libncurses.5.4.dylib
0x00007fff31c96000 	/System/Library/Frameworks/ApplicationServices.framework/Versions/A/Frameworks/ATS.framework/Versions/A/ATS
0x00007fff31e63000 	/System/Library/Frameworks/ApplicationServices.framework/Versions/A/Frameworks/ColorSyncLegacy.framework/Versions/A/ColorSyncLegacy
0x00007fff31f01000 	/System/Library/Frameworks/ApplicationServices.framework/Versions/A/Frameworks/HIServices.framework/Versions/A/HIServices
0x00007fff31f59000 	/System/Library/Frameworks/ApplicationServices.framework/Versions/A/Frameworks/LangAnalysis.framework/Versions/A/LangAnalysis
0x00007fff31f68000 	/System/Library/Frameworks/ApplicationServices.framework/Versions/A/Frameworks/PrintCore.framework/Versions/A/PrintCore
0x00007fff31fae000 	/System/Library/Frameworks/ApplicationServices.framework/Versions/A/Frameworks/QD.framework/Versions/A/QD
0x00007fff31fb9000 	/System/Library/Frameworks/ApplicationServices.framework/Versions/A/Frameworks/SpeechSynthesis.framework/Versions/A/SpeechSynthesis
0x00007fff31e33000 	/System/Library/Frameworks/ApplicationServices.framework/Versions/A/Frameworks/ATSUI.framework/Versions/A/ATSUI
0x00007fff6b737000 	/usr/lib/libcups.2.dylib
0x00007fff38580000 	/System/Library/Frameworks/Kerberos.framework/Versions/A/Kerberos
0x00007fff366c1000 	/System/Library/Frameworks/GSS.framework/Versions/A/GSS
0x00007fff6ca76000 	/usr/lib/libresolv.9.dylib
0x00007fff5654b000 	/System/Library/PrivateFrameworks/Heimdal.framework/Versions/A/Heimdal
0x00007fff38593000 	/System/Library/Frameworks/Kerberos.framework/Versions/A/Libraries/libHeimdalProxy.dylib
0x00007fff6b8de000 	/usr/lib/libheimdal-asn1.dylib
0x00007fff4a853000 	/System/Library/PrivateFrameworks/CommonAuth.framework/Versions/A/CommonAuth
0x00007fff47aa2000 	/System/Library/PrivateFrameworks/AssertionServices.framework/Versions/A/AssertionServices
0x00007fff48645000 	/System/Library/PrivateFrameworks/AudioToolboxCore.framework/Versions/A/AudioToolboxCore
0x00007fff676fc000 	/System/Library/PrivateFrameworks/caulk.framework/Versions/A/caulk
0x00007fff48c0e000 	/System/Library/PrivateFrameworks/BaseBoard.framework/Versions/A/BaseBoard
0x00007fff5fd46000 	/System/Library/PrivateFrameworks/RunningBoardServices.framework/Versions/A/RunningBoardServices
0x00007fff5cd57000 	/System/Library/PrivateFrameworks/PersistentConnection.framework/Versions/A/PersistentConnection
0x00007fff5f73f000 	/System/Library/PrivateFrameworks/ProtocolBuffer.framework/Versions/A/ProtocolBuffer
0x00007fff4a877000 	/System/Library/PrivateFrameworks/CommonUtilities.framework/Versions/A/CommonUtilities
0x00007fff48d9c000 	/System/Library/PrivateFrameworks/Bom.framework/Versions/A/Bom
0x00007fff6a532000 	/usr/lib/libAudioToolboxUtility.dylib
0x00007fff48b6c000 	/System/Library/PrivateFrameworks/Backup.framework/Versions/A/Backup
0x00007fff4d949000 	/System/Library/PrivateFrameworks/CrashReporterSupport.framework/Versions/A/CrashReporterSupport
0x00007fff617d8000 	/System/Library/PrivateFrameworks/Sharing.framework/Versions/A/Sharing
0x00007fff470b0000 	/System/Library/PrivateFrameworks/Apple80211.framework/Versions/A/Apple80211
0x00007fff48889000 	/System/Library/PrivateFrameworks/AuthKit.framework/Versions/A/AuthKit
0x00007fff4d656000 	/System/Library/PrivateFrameworks/CoreUtils.framework/Versions/A/CoreUtils
0x00007fff35c2a000 	/System/Library/Frameworks/CoreWLAN.framework/Versions/A/CoreWLAN
0x00007fff3684e000 	/System/Library/Frameworks/IOBluetooth.framework/Versions/A/IOBluetooth
0x00007fff5a912000 	/System/Library/PrivateFrameworks/MobileKeyBag.framework/Versions/A/MobileKeyBag
0x00007fff4c45b000 	/System/Library/PrivateFrameworks/CorePhoneNumbers.framework/Versions/A/CorePhoneNumbers
0x00007fff474a0000 	/System/Library/PrivateFrameworks/AppleIDAuthSupport.framework/Versions/A/AppleIDAuthSupport
0x00007fff3a582000 	/System/Library/Frameworks/Network.framework/Versions/A/Network
0x00007fff58fe0000 	/System/Library/PrivateFrameworks/KeychainCircle.framework/Versions/A/KeychainCircle
0x00007fff3367b000 	/System/Library/Frameworks/CoreBluetooth.framework/Versions/A/CoreBluetooth
0x00007fff63857000 	/System/Library/PrivateFrameworks/SpeechRecognitionCore.framework/Versions/A/SpeechRecognitionCore
0x0000000107400000 	/Library/Java/JavaVirtualMachines/jdk1.8.0_271.jdk/Contents/Home/jre/lib/server/libjvm.dylib
0x0000000105a31000 	/Library/Java/JavaVirtualMachines/jdk1.8.0_271.jdk/Contents/Home/jre/lib/libverify.dylib
0x0000000105a42000 	/Library/Java/JavaVirtualMachines/jdk1.8.0_271.jdk/Contents/Home/jre/lib/libjava.dylib
0x0000000105abf000 	/Library/Java/JavaVirtualMachines/jdk1.8.0_271.jdk/Contents/Home/jre/lib/libzip.dylib
0x0000000105b3c000 	/Library/Java/JavaVirtualMachines/jdk1.8.0_271.jdk/Contents/Home/jre/lib/libnio.dylib
0x0000000105b4e000 	/Library/Java/JavaVirtualMachines/jdk1.8.0_271.jdk/Contents/Home/jre/lib/libnet.dylib
0x0000000105b96000 	/private/var/folders/sz/8bwhr0qj1sg228n20r22shqw0000gn/T/lwjglhuangyoulin/3.2.3-build-13/liblwjgl.dylib
0x0000000111864000 	/private/var/folders/sz/8bwhr0qj1sg228n20r22shqw0000gn/T/lwjglhuangyoulin/3.2.3-build-13/libglfw.dylib
0x00007fff4ce74000 	/System/Library/PrivateFrameworks/CoreServicesInternal.framework/Versions/A/CoreServicesInternal
0x00007fff36149000 	/System/Library/Frameworks/FileProvider.framework/Versions/A/FileProvider
0x00007fff30cdc000 	/System/Library/Frameworks/Accounts.framework/Versions/A/Accounts
0x00007fff5524a000 	/System/Library/PrivateFrameworks/GenerationalStorage.framework/Versions/A/GenerationalStorage
0x00007fff4d3fb000 	/System/Library/PrivateFrameworks/CoreSymbolication.framework/Versions/A/CoreSymbolication
0x00007fff64099000 	/System/Library/PrivateFrameworks/SymptomDiagnosticReporter.framework/Versions/A/SymptomDiagnosticReporter
0x00007fff46bb4000 	/System/Library/PrivateFrameworks/AppContainer.framework/Versions/A/AppContainer
0x00007fff6ca90000 	/usr/lib/libsandbox.1.dylib
0x00007fff659f2000 	/System/Library/PrivateFrameworks/UserManagement.framework/Versions/A/UserManagement
0x00007fff49958000 	/System/Library/PrivateFrameworks/ChunkingLibrary.framework/Versions/A/ChunkingLibrary
0x00007fff4db7d000 	/System/Library/PrivateFrameworks/DebugSymbols.framework/Versions/A/DebugSymbols
0x00007fff46c26000 	/System/Library/PrivateFrameworks/AppSandbox.framework/Versions/A/AppSandbox
0x00007fff61662000 	/System/Library/PrivateFrameworks/SecCodeWrapper.framework/Versions/A/SecCodeWrapper
0x00007fff6a947000 	/usr/lib/libMatch.1.dylib
0x00007fff2f85a000 	/System/Library/Frameworks/Accelerate.framework/Versions/A/Frameworks/vImage.framework/Versions/A/Libraries/libCGInterfaces.dylib
0x00007fff502e0000 	/System/Library/PrivateFrameworks/FontServices.framework/libTrueTypeScaler.dylib
0x00007fff27385000 	/System/Library/Extensions/AMDRadeonX6000MTLDriver.bundle/Contents/MacOS/AMDRadeonX6000MTLDriver
0x00007fff58785000 	/System/Library/PrivateFrameworks/IOAccelMemoryInfo.framework/Versions/A/IOAccelMemoryInfo
0x00007fff2c5d2000 	/System/Library/Extensions/AppleIntelKBLGraphicsMTLDriver.bundle/Contents/MacOS/AppleIntelKBLGraphicsMTLDriver
0x00007fff5386a000 	/System/Library/PrivateFrameworks/GPUCompiler.framework/Versions/3902/Libraries/libmetal_timestamp.dylib
0x00007fff667be000 	/System/Library/PrivateFrameworks/ViewBridge.framework/Versions/A/ViewBridge
0x0000000113660000 	/usr/lib/libobjc-trampolines.dylib
0x00007fff67a4f000 	/System/Library/PrivateFrameworks/login.framework/Versions/A/login
0x00007fff3e766000 	/System/Library/Frameworks/OpenGL.framework/Versions/A/Resources/GLEngine.bundle/GLEngine
0x00007fff3db49000 	/System/Library/Frameworks/OpenGL.framework/Versions/A/Libraries/libGLProgrammability.dylib
0x00007fff2b5ca000 	/System/Library/Extensions/AppleIntelKBLGraphicsGLDriver.bundle/Contents/MacOS/AppleIntelKBLGraphicsGLDriver
0x00007fff54f19000 	/System/Library/PrivateFrameworks/GPUSupport.framework/Versions/A/Libraries/libGPUSupportMercury.dylib
0x00000001136cb000 	/System/Library/Extensions/AMDRadeonX6000GLDriver.bundle/Contents/MacOS/AMDRadeonX6000GLDriver
0x00007fff2734e000 	/System/Library/Extensions/AMDRadeonX6000GLDriver.bundle/Contents/MacOS/ATIRadeonX6000SCLib.dylib
0x00007fff28553000 	/System/Library/Extensions/AMDShared.bundle/Contents/PlugIns/libSC.dylib
0x00007fff3e8e0000 	/System/Library/Frameworks/OpenGL.framework/Versions/A/Resources/GLRendererFloat.bundle/GLRendererFloat
0x00007fff3d102000 	/System/Library/Frameworks/OpenCL.framework/Versions/A/Libraries/libcldcpuengine.dylib
0x0000000113a44000 	/private/var/folders/sz/8bwhr0qj1sg228n20r22shqw0000gn/T/lwjglhuangyoulin/3.2.3-build-13/liblwjgl_opengl.dylib
0x0000000113a6a000 	/private/var/folders/sz/8bwhr0qj1sg228n20r22shqw0000gn/T/lwjglhuangyoulin/3.2.3-build-13/liblwjgl_stb.dylib
0x0000000129a3f000 	/Library/Java/JavaVirtualMachines/jdk1.8.0_271.jdk/Contents/Home/jre/lib/libawt.dylib
0x0000000129adf000 	/Library/Java/JavaVirtualMachines/jdk1.8.0_271.jdk/Contents/Home/jre/lib/libmlib_image.dylib
0x00007fff3856a000 	/System/Library/Frameworks/JavaVM.framework/Versions/A/Frameworks/JavaNativeFoundation.framework/Versions/A/JavaNativeFoundation
0x00007fff38573000 	/System/Library/Frameworks/JavaVM.framework/Versions/A/Frameworks/JavaRuntimeSupport.framework/Versions/A/JavaRuntimeSupport
0x00007fff3857b000 	/System/Library/Frameworks/JavaVM.framework/Versions/A/JavaVM
0x00007fff58df7000 	/System/Library/PrivateFrameworks/JavaLaunching.framework/Versions/A/JavaLaunching
0x00007fff3284c000 	/System/Library/Frameworks/Carbon.framework/Versions/A/Carbon
0x00007fff3284d000 	/System/Library/Frameworks/Carbon.framework/Versions/A/Frameworks/CommonPanels.framework/Versions/A/CommonPanels
0x00007fff32b46000 	/System/Library/Frameworks/Carbon.framework/Versions/A/Frameworks/Help.framework/Versions/A/Help
0x00007fff32b4a000 	/System/Library/Frameworks/Carbon.framework/Versions/A/Frameworks/ImageCapture.framework/Versions/A/ImageCapture
0x00007fff32b51000 	/System/Library/Frameworks/Carbon.framework/Versions/A/Frameworks/OpenScripting.framework/Versions/A/OpenScripting
0x00007fff32b50000 	/System/Library/Frameworks/Carbon.framework/Versions/A/Frameworks/Ink.framework/Versions/A/Ink
0x00007fff32b8c000 	/System/Library/Frameworks/Carbon.framework/Versions/A/Frameworks/Print.framework/Versions/A/Print
0x00007fff32b8d000 	/System/Library/Frameworks/Carbon.framework/Versions/A/Frameworks/SecurityHI.framework/Versions/A/SecurityHI
0x0000000129b9e000 	/Library/Java/JavaVirtualMachines/jdk1.8.0_271.jdk/Contents/Home/jre/lib/libawt_lwawt.dylib
0x0000000113f72000 	/Library/Java/JavaVirtualMachines/jdk1.8.0_271.jdk/Contents/Home/jre/lib/libosxapp.dylib
0x00007fff3612a000 	/System/Library/Frameworks/ExceptionHandling.framework/Versions/A/ExceptionHandling

VM Arguments:
jvm_args: -Xms1024m -Xmx3000m -Djava.awt.headless=true -Djava.library.path=/Users/huangyoulin/Documents/GitHub/LMEGE2.0/lib/natives -Dfile.encoding=UTF-8 
java_command: game.Main
java_class_path (initial): /Users/huangyoulin/Documents/GitHub/LMEGE2.0/bin:/Users/huangyoulin/Documents/GitHub/LMEGE2.0/lib/jars/joml-1.10.2.jar:/Users/huangyoulin/Documents/GitHub/LMEGE2.0/lib/jars/lwjgl_util.jar:/Users/huangyoulin/Documents/GitHub/LMEGE2.0/lib/jars/lwjgl.jar:/Users/huangyoulin/Documents/GitHub/LMEGE2.0/lib/jars/lwjgl-glfw.jar:/Users/huangyoulin/Documents/GitHub/LMEGE2.0/lib/jars/lwjgl-glfw-javadoc.jar:/Users/huangyoulin/Documents/GitHub/LMEGE2.0/lib/jars/lwjgl-openal.jar:/Users/huangyoulin/Documents/GitHub/LMEGE2.0/lib/jars/lwjgl-openal-javadoc.jar:/Users/huangyoulin/Documents/GitHub/LMEGE2.0/lib/jars/lwjgl-opencl.jar:/Users/huangyoulin/Documents/GitHub/LMEGE2.0/lib/jars/lwjgl-opencl-javadoc.jar:/Users/huangyoulin/Documents/GitHub/LMEGE2.0/lib/jars/lwjgl-opengl.jar:/Users/huangyoulin/Documents/GitHub/LMEGE2.0/lib/jars/lwjgl-opengl-javadoc.jar:/Users/huangyoulin/Documents/GitHub/LMEGE2.0/lib/jars/lwjgl-stb.jar:/Users/huangyoulin/Documents/GitHub/LMEGE2.0/lib/jars/PNGDecoder.jar:/Users/huangyoulin/Documents/GitHub/LMEGE2.0/lib/jars/slick-util.jar:/Users/huangyoulin/Documents/GitHub/LMEGE2.0/lib/natives/lwjgl-glfw-natives-macos.jar:/Users/huangyoulin/Documents/GitHub/LMEGE2.0/lib/natives/lwjgl-natives-macos.jar:/Users/huangyoulin/Documents/GitHub/LMEGE2.0/lib/natives/lwjgl-openal-natives-macos.jar:/Users/huangyoulin/Documents/GitHub/LMEGE2.0/lib/natives/lwjgl-opengl-natives-macos.jar:/Users/huangyoulin/Documents/GitHub/LMEGE2.0/lib/natives/lwjgl-stb-natives-macos.jar:/Users/huangyoulin/Documents/GitHub/commons-io-2.11.0/commons-io-2.11.0.jar:/Users/huangyoulin/Documents/GitHub/LMEGE2.0/lib/jars/slick-util3.jar
Launcher Type: SUN_STANDARD

Environment Variables:
PATH=/usr/bin:/bin:/usr/sbin:/sbin
SHELL=/bin/zsh
DISPLAY=/private/tmp/com.apple.launchd.mrwlKTtAYH/org.xquartz:0

Signal Handlers:
SIGSEGV: [libjvm.dylib+0x5a0dcb], sa_mask[0]=11111111011111110111111111111111, sa_flags=SA_ONSTACK|SA_RESTART|SA_SIGINFO
SIGBUS: [libjvm.dylib+0x5a0dcb], sa_mask[0]=11111111011111110111111111111111, sa_flags=SA_RESTART|SA_SIGINFO
SIGFPE: [libjvm.dylib+0x491731], sa_mask[0]=11111111011111110111111111111111, sa_flags=SA_RESTART|SA_SIGINFO
SIGPIPE: [libjvm.dylib+0x491731], sa_mask[0]=11111111011111110111111111111111, sa_flags=SA_RESTART|SA_SIGINFO
SIGXFSZ: [libjvm.dylib+0x491731], sa_mask[0]=11111111011111110111111111111111, sa_flags=SA_RESTART|SA_SIGINFO
SIGILL: [libjvm.dylib+0x491731], sa_mask[0]=11111111011111110111111111111111, sa_flags=SA_RESTART|SA_SIGINFO
SIGUSR1: SIG_DFL, sa_mask[0]=00000000000000000000000000000000, sa_flags=none
SIGUSR2: [libjvm.dylib+0x49202a], sa_mask[0]=00100000000000000000000000000000, sa_flags=SA_RESTART|SA_SIGINFO
SIGHUP: [libjvm.dylib+0x490239], sa_mask[0]=11111111011111110111111111111111, sa_flags=SA_RESTART|SA_SIGINFO
SIGINT: [libjvm.dylib+0x490239], sa_mask[0]=11111111011111110111111111111111, sa_flags=SA_RESTART|SA_SIGINFO
SIGTERM: [libjvm.dylib+0x490239], sa_mask[0]=11111111011111110111111111111111, sa_flags=SA_RESTART|SA_SIGINFO
SIGQUIT: [libjvm.dylib+0x490239], sa_mask[0]=11111111011111110111111111111111, sa_flags=SA_RESTART|SA_SIGINFO


---------------  S Y S T E M  ---------------

OS:Bsduname:Darwin 19.6.0 Darwin Kernel Version 19.6.0: Mon Aug 31 22:12:52 PDT 2020; root:xnu-6153.141.2~1/RELEASE_X86_64 x86_64
rlimit: STACK 8192k, CORE 0k, NPROC 2784, NOFILE 10240, AS infinity
load average:2.64 2.51 2.43

CPU:total 12 (initial active 12) (6 cores per cpu, 2 threads per core) family 6 model 158 stepping 10, cmov, cx8, fxsr, mmx, sse, sse2, sse3, ssse3, sse4.1, sse4.2, popcnt, avx, avx2, aes, clmul, erms, 3dnowpref, lzcnt, ht, tsc, tscinvbit, bmi1, bmi2, adx

Memory: 4k page, physical 16777216k(1920804k free)

/proc/meminfo:


vm_info: Java HotSpot(TM) 64-Bit Server VM (25.271-b09) for bsd-amd64 JRE (1.8.0_271-b09), built on Sep 16 2020 16:54:38 by "java_re" with gcc 4.2.1 Compatible Apple LLVM 10.0.0 (clang-1000.11.45.5)

time: Mon Sep 19 21:16:38 2022
timezone: EDT
elapsed time: 12.338726 seconds (0d 0h 0m 12s)

